The system is: Linux - 5.8.0-38-generic - x86_64
Compiling the CXX compiler identification source file "CMakeCXXCompilerId.cpp" succeeded.
Compiler: /usr/bin/g++ 
Build flags: -fPIC;-std=c++0x;-L/home/dmarce1/local/boost/lib;-march=native
Id flags:  

The output was:
0


Compilation of the CXX compiler identification source "CMakeCXXCompilerId.cpp" produced "a.out"

The CXX compiler identification is GNU, found in "/home/dmarce1/workspace/cosmictiger/cosmictiger/CMakeFiles/3.16.3/CompilerIdCXX/a.out"

Compiling the C compiler identification source file "CMakeCCompilerId.c" succeeded.
Compiler: /usr/bin/gcc 
Build flags: -fPIC;-L/home/dmarce1/local/boost/lib
Id flags:  

The output was:
0


Compilation of the C compiler identification source "CMakeCCompilerId.c" produced "a.out"

The C compiler identification is GNU, found in "/home/dmarce1/workspace/cosmictiger/cosmictiger/CMakeFiles/3.16.3/CompilerIdC/a.out"

Determining if the CXX compiler works passed with the following output:
Change Dir: /home/dmarce1/workspace/cosmictiger/cosmictiger/CMakeFiles/CMakeTmp

Run Build Command(s):/usr/bin/make cmTC_0727e/fast && /usr/bin/make -f CMakeFiles/cmTC_0727e.dir/build.make CMakeFiles/cmTC_0727e.dir/build
make[1]: Entering directory '/home/dmarce1/workspace/cosmictiger/cosmictiger/CMakeFiles/CMakeTmp'
Building CXX object CMakeFiles/cmTC_0727e.dir/testCXXCompiler.cxx.o
/usr/bin/g++    -fPIC -std=c++0x -L/home/dmarce1/local/boost/lib -march=native    -o CMakeFiles/cmTC_0727e.dir/testCXXCompiler.cxx.o -c /home/dmarce1/workspace/cosmictiger/cosmictiger/CMakeFiles/CMakeTmp/testCXXCompiler.cxx
Linking CXX executable cmTC_0727e
/usr/bin/cmake -E cmake_link_script CMakeFiles/cmTC_0727e.dir/link.txt --verbose=1
/usr/bin/g++  -fPIC -std=c++0x -L/home/dmarce1/local/boost/lib -march=native     CMakeFiles/cmTC_0727e.dir/testCXXCompiler.cxx.o  -o cmTC_0727e 
make[1]: Leaving directory '/home/dmarce1/workspace/cosmictiger/cosmictiger/CMakeFiles/CMakeTmp'



Detecting CXX compiler ABI info compiled with the following output:
Change Dir: /home/dmarce1/workspace/cosmictiger/cosmictiger/CMakeFiles/CMakeTmp

Run Build Command(s):/usr/bin/make cmTC_ff2cc/fast && /usr/bin/make -f CMakeFiles/cmTC_ff2cc.dir/build.make CMakeFiles/cmTC_ff2cc.dir/build
make[1]: Entering directory '/home/dmarce1/workspace/cosmictiger/cosmictiger/CMakeFiles/CMakeTmp'
Building CXX object CMakeFiles/cmTC_ff2cc.dir/CMakeCXXCompilerABI.cpp.o
/usr/bin/g++    -fPIC -std=c++0x -L/home/dmarce1/local/boost/lib -march=native    -v -o CMakeFiles/cmTC_ff2cc.dir/CMakeCXXCompilerABI.cpp.o -c /usr/share/cmake-3.16/Modules/CMakeCXXCompilerABI.cpp
Using built-in specs.
COLLECT_GCC=/usr/bin/g++
OFFLOAD_TARGET_NAMES=nvptx-none:hsa
OFFLOAD_TARGET_DEFAULT=1
Target: x86_64-linux-gnu
Configured with: ../src/configure -v --with-pkgversion='Ubuntu 9.3.0-17ubuntu1~20.04' --with-bugurl=file:///usr/share/doc/gcc-9/README.Bugs --enable-languages=c,ada,c++,go,brig,d,fortran,objc,obj-c++,gm2 --prefix=/usr --with-gcc-major-version-only --program-suffix=-9 --program-prefix=x86_64-linux-gnu- --enable-shared --enable-linker-build-id --libexecdir=/usr/lib --without-included-gettext --enable-threads=posix --libdir=/usr/lib --enable-nls --enable-clocale=gnu --enable-libstdcxx-debug --enable-libstdcxx-time=yes --with-default-libstdcxx-abi=new --enable-gnu-unique-object --disable-vtable-verify --enable-plugin --enable-default-pie --with-system-zlib --with-target-system-zlib=auto --enable-objc-gc=auto --enable-multiarch --disable-werror --with-arch-32=i686 --with-abi=m64 --with-multilib-list=m32,m64,mx32 --enable-multilib --with-tune=generic --enable-offload-targets=nvptx-none=/build/gcc-9-HskZEa/gcc-9-9.3.0/debian/tmp-nvptx/usr,hsa --without-cuda-driver --enable-checking=release --build=x86_64-linux-gnu --host=x86_64-linux-gnu --target=x86_64-linux-gnu
Thread model: posix
gcc version 9.3.0 (Ubuntu 9.3.0-17ubuntu1~20.04) 
COLLECT_GCC_OPTIONS='-fPIC' '-std=c++11' '-L/home/dmarce1/local/boost/lib' '-march=native' '-v' '-o' 'CMakeFiles/cmTC_ff2cc.dir/CMakeCXXCompilerABI.cpp.o' '-c' '-shared-libgcc'
 /usr/lib/gcc/x86_64-linux-gnu/9/cc1plus -quiet -v -imultiarch x86_64-linux-gnu -D_GNU_SOURCE /usr/share/cmake-3.16/Modules/CMakeCXXCompilerABI.cpp -march=skylake -mmmx -mno-3dnow -msse -msse2 -msse3 -mssse3 -mno-sse4a -mcx16 -msahf -mmovbe -maes -mno-sha -mpclmul -mpopcnt -mabm -mno-lwp -mfma -mno-fma4 -mno-xop -mbmi -msgx -mbmi2 -mno-pconfig -mno-wbnoinvd -mno-tbm -mavx -mavx2 -msse4.2 -msse4.1 -mlzcnt -mno-rtm -mno-hle -mrdrnd -mf16c -mfsgsbase -mrdseed -mprfchw -madx -mfxsr -mxsave -mxsaveopt -mno-avx512f -mno-avx512er -mno-avx512cd -mno-avx512pf -mno-prefetchwt1 -mclflushopt -mxsavec -mxsaves -mno-avx512dq -mno-avx512bw -mno-avx512vl -mno-avx512ifma -mno-avx512vbmi -mno-avx5124fmaps -mno-avx5124vnniw -mno-clwb -mno-mwaitx -mno-clzero -mno-pku -mno-rdpid -mno-gfni -mno-shstk -mno-avx512vbmi2 -mno-avx512vnni -mno-vaes -mno-vpclmulqdq -mno-avx512bitalg -mno-avx512vpopcntdq -mno-movdiri -mno-movdir64b -mno-waitpkg -mno-cldemote -mno-ptwrite --param l1-cache-size=32 --param l1-cache-line-size=64 --param l2-cache-size=12288 -mtune=skylake -quiet -dumpbase CMakeCXXCompilerABI.cpp -auxbase-strip CMakeFiles/cmTC_ff2cc.dir/CMakeCXXCompilerABI.cpp.o -std=c++11 -version -fPIC -fasynchronous-unwind-tables -fstack-protector-strong -Wformat -Wformat-security -fstack-clash-protection -fcf-protection -o /tmp/ccOgqjDi.s
GNU C++11 (Ubuntu 9.3.0-17ubuntu1~20.04) version 9.3.0 (x86_64-linux-gnu)
	compiled by GNU C version 9.3.0, GMP version 6.2.0, MPFR version 4.0.2, MPC version 1.1.0, isl version isl-0.22.1-GMP

GGC heuristics: --param ggc-min-expand=100 --param ggc-min-heapsize=131072
ignoring duplicate directory "/usr/include/x86_64-linux-gnu/c++/9"
ignoring nonexistent directory "/usr/local/include/x86_64-linux-gnu"
ignoring nonexistent directory "/usr/lib/gcc/x86_64-linux-gnu/9/include-fixed"
ignoring nonexistent directory "/usr/lib/gcc/x86_64-linux-gnu/9/../../../../x86_64-linux-gnu/include"
ignoring nonexistent directory "/home/dmarce1//local/cosmictiger/hpx/include"
ignoring nonexistent directory "/home/dmarce1//local/valgrind/include"
ignoring nonexistent directory "/home/dmarce1//local/relwithdebinfo/octotiger/include"
ignoring nonexistent directory "/home/dmarce1//local/mpi/include"
ignoring duplicate directory "/home/dmarce1//local/silo/include"
ignoring duplicate directory "/home/dmarce1//local/vc/include"
ignoring duplicate directory "/home/dmarce1//local/hwloc/include"
ignoring duplicate directory "/home/dmarce1//local/gperftools/include"
#include "..." search starts here:
#include <...> search starts here:
 /home/dmarce1//local/silo/include
 /home/dmarce1//local/vc/include
 /home/dmarce1//local/hwloc/include
 /home/dmarce1//local/gperftools/include
 /home/dmarce1//local/jemalloc/include
 /home/dmarce1//local/fftw2/include
 /home/dmarce1//local/hdf5/include
 /home/dmarce1//local/relwithdebinfo/hpx/include
 /home/dmarce1//local/boost/include
 .
 /usr/include/c++/9
 /usr/include/x86_64-linux-gnu/c++/9
 /usr/include/c++/9/backward
 /usr/lib/gcc/x86_64-linux-gnu/9/include
 /usr/local/include
 /usr/include/x86_64-linux-gnu
 /usr/include
End of search list.
GNU C++11 (Ubuntu 9.3.0-17ubuntu1~20.04) version 9.3.0 (x86_64-linux-gnu)
	compiled by GNU C version 9.3.0, GMP version 6.2.0, MPFR version 4.0.2, MPC version 1.1.0, isl version isl-0.22.1-GMP

GGC heuristics: --param ggc-min-expand=100 --param ggc-min-heapsize=131072
Compiler executable checksum: 466f818abe2f30ba03783f22bd12d815
COLLECT_GCC_OPTIONS='-fPIC' '-std=c++11' '-L/home/dmarce1/local/boost/lib' '-march=native' '-v' '-o' 'CMakeFiles/cmTC_ff2cc.dir/CMakeCXXCompilerABI.cpp.o' '-c' '-shared-libgcc'
 as -v --64 -o CMakeFiles/cmTC_ff2cc.dir/CMakeCXXCompilerABI.cpp.o /tmp/ccOgqjDi.s
GNU assembler version 2.34 (x86_64-linux-gnu) using BFD version (GNU Binutils for Ubuntu) 2.34
COMPILER_PATH=/usr/lib/gcc/x86_64-linux-gnu/9/:/usr/lib/gcc/x86_64-linux-gnu/9/:/usr/lib/gcc/x86_64-linux-gnu/:/usr/lib/gcc/x86_64-linux-gnu/9/:/usr/lib/gcc/x86_64-linux-gnu/
LIBRARY_PATH=/home/dmarce1//local/silo/lib/../lib/:/home/dmarce1//local/vc/lib/../lib/:/home/dmarce1//local/hwloc/lib/../lib/:/home/dmarce1//local/gperftools/lib/../lib/:/home/dmarce1//local/jemalloc/lib/../lib/:/home/dmarce1//local/fftw2/lib/../lib/:/home/dmarce1//local/hdf5/lib/../lib/:/home/dmarce1//local/relwithdebinfo/hpx/lib/../lib/:/home/dmarce1//local/silo/lib/../lib/:/home/dmarce1//local/boost/lib/../lib/:/home/dmarce1//local/vc/lib/../lib/:/home/dmarce1//local/hwloc/lib/../lib/:/home/dmarce1//local/gperftools/lib/../lib/:/usr/lib/gcc/x86_64-linux-gnu/9/:/usr/lib/gcc/x86_64-linux-gnu/9/../../../x86_64-linux-gnu/:/usr/lib/gcc/x86_64-linux-gnu/9/../../../../lib/:/lib/x86_64-linux-gnu/:/lib/../lib/:/usr/lib/x86_64-linux-gnu/:/usr/lib/../lib/:/home/dmarce1//local/silo/lib/:/home/dmarce1//local/vc/lib/:/home/dmarce1//local/hwloc/lib/:/home/dmarce1//local/gperftools/lib/:/home/dmarce1//local/jemalloc/lib/:/home/dmarce1//local/fftw2/lib/:/home/dmarce1//local/hdf5/lib/:/home/dmarce1//local/relwithdebinfo/hpx/lib/:/home/dmarce1//local/silo/lib/:/home/dmarce1//local/boost/lib/:/home/dmarce1//local/vc/lib/:/home/dmarce1//local/hwloc/lib/:/home/dmarce1//local/gperftools/lib/:./:/usr/lib/gcc/x86_64-linux-gnu/9/../../../:/lib/:/usr/lib/
COLLECT_GCC_OPTIONS='-fPIC' '-std=c++11' '-L/home/dmarce1/local/boost/lib' '-march=native' '-v' '-o' 'CMakeFiles/cmTC_ff2cc.dir/CMakeCXXCompilerABI.cpp.o' '-c' '-shared-libgcc'
Linking CXX executable cmTC_ff2cc
/usr/bin/cmake -E cmake_link_script CMakeFiles/cmTC_ff2cc.dir/link.txt --verbose=1
/usr/bin/g++  -fPIC -std=c++0x -L/home/dmarce1/local/boost/lib -march=native    -v CMakeFiles/cmTC_ff2cc.dir/CMakeCXXCompilerABI.cpp.o  -o cmTC_ff2cc 
Using built-in specs.
COLLECT_GCC=/usr/bin/g++
COLLECT_LTO_WRAPPER=/usr/lib/gcc/x86_64-linux-gnu/9/lto-wrapper
OFFLOAD_TARGET_NAMES=nvptx-none:hsa
OFFLOAD_TARGET_DEFAULT=1
Target: x86_64-linux-gnu
Configured with: ../src/configure -v --with-pkgversion='Ubuntu 9.3.0-17ubuntu1~20.04' --with-bugurl=file:///usr/share/doc/gcc-9/README.Bugs --enable-languages=c,ada,c++,go,brig,d,fortran,objc,obj-c++,gm2 --prefix=/usr --with-gcc-major-version-only --program-suffix=-9 --program-prefix=x86_64-linux-gnu- --enable-shared --enable-linker-build-id --libexecdir=/usr/lib --without-included-gettext --enable-threads=posix --libdir=/usr/lib --enable-nls --enable-clocale=gnu --enable-libstdcxx-debug --enable-libstdcxx-time=yes --with-default-libstdcxx-abi=new --enable-gnu-unique-object --disable-vtable-verify --enable-plugin --enable-default-pie --with-system-zlib --with-target-system-zlib=auto --enable-objc-gc=auto --enable-multiarch --disable-werror --with-arch-32=i686 --with-abi=m64 --with-multilib-list=m32,m64,mx32 --enable-multilib --with-tune=generic --enable-offload-targets=nvptx-none=/build/gcc-9-HskZEa/gcc-9-9.3.0/debian/tmp-nvptx/usr,hsa --without-cuda-driver --enable-checking=release --build=x86_64-linux-gnu --host=x86_64-linux-gnu --target=x86_64-linux-gnu
Thread model: posix
gcc version 9.3.0 (Ubuntu 9.3.0-17ubuntu1~20.04) 
COMPILER_PATH=/usr/lib/gcc/x86_64-linux-gnu/9/:/usr/lib/gcc/x86_64-linux-gnu/9/:/usr/lib/gcc/x86_64-linux-gnu/:/usr/lib/gcc/x86_64-linux-gnu/9/:/usr/lib/gcc/x86_64-linux-gnu/
LIBRARY_PATH=/home/dmarce1//local/silo/lib/../lib/:/home/dmarce1//local/vc/lib/../lib/:/home/dmarce1//local/hwloc/lib/../lib/:/home/dmarce1//local/gperftools/lib/../lib/:/home/dmarce1//local/jemalloc/lib/../lib/:/home/dmarce1//local/fftw2/lib/../lib/:/home/dmarce1//local/hdf5/lib/../lib/:/home/dmarce1//local/relwithdebinfo/hpx/lib/../lib/:/home/dmarce1//local/silo/lib/../lib/:/home/dmarce1//local/boost/lib/../lib/:/home/dmarce1//local/vc/lib/../lib/:/home/dmarce1//local/hwloc/lib/../lib/:/home/dmarce1//local/gperftools/lib/../lib/:/usr/lib/gcc/x86_64-linux-gnu/9/:/usr/lib/gcc/x86_64-linux-gnu/9/../../../x86_64-linux-gnu/:/usr/lib/gcc/x86_64-linux-gnu/9/../../../../lib/:/lib/x86_64-linux-gnu/:/lib/../lib/:/usr/lib/x86_64-linux-gnu/:/usr/lib/../lib/:/home/dmarce1//local/silo/lib/:/home/dmarce1//local/vc/lib/:/home/dmarce1//local/hwloc/lib/:/home/dmarce1//local/gperftools/lib/:/home/dmarce1//local/jemalloc/lib/:/home/dmarce1//local/fftw2/lib/:/home/dmarce1//local/hdf5/lib/:/home/dmarce1//local/relwithdebinfo/hpx/lib/:/home/dmarce1//local/silo/lib/:/home/dmarce1//local/boost/lib/:/home/dmarce1//local/vc/lib/:/home/dmarce1//local/hwloc/lib/:/home/dmarce1//local/gperftools/lib/:./:/usr/lib/gcc/x86_64-linux-gnu/9/../../../:/lib/:/usr/lib/
COLLECT_GCC_OPTIONS='-fPIC' '-std=c++11' '-L/home/dmarce1/local/boost/lib' '-march=native' '-v' '-o' 'cmTC_ff2cc' '-shared-libgcc'
 /usr/lib/gcc/x86_64-linux-gnu/9/collect2 -plugin /usr/lib/gcc/x86_64-linux-gnu/9/liblto_plugin.so -plugin-opt=/usr/lib/gcc/x86_64-linux-gnu/9/lto-wrapper -plugin-opt=-fresolution=/tmp/cc3IuUXL.res -plugin-opt=-pass-through=-lgcc_s -plugin-opt=-pass-through=-lgcc -plugin-opt=-pass-through=-lc -plugin-opt=-pass-through=-lgcc_s -plugin-opt=-pass-through=-lgcc --build-id --eh-frame-hdr -m elf_x86_64 --hash-style=gnu --as-needed -dynamic-linker /lib64/ld-linux-x86-64.so.2 -pie -z now -z relro -o cmTC_ff2cc /usr/lib/gcc/x86_64-linux-gnu/9/../../../x86_64-linux-gnu/Scrt1.o /usr/lib/gcc/x86_64-linux-gnu/9/../../../x86_64-linux-gnu/crti.o /usr/lib/gcc/x86_64-linux-gnu/9/crtbeginS.o -L/home/dmarce1/local/boost/lib -L/home/dmarce1//local/silo/lib/../lib -L/home/dmarce1//local/vc/lib/../lib -L/home/dmarce1//local/hwloc/lib/../lib -L/home/dmarce1//local/gperftools/lib/../lib -L/home/dmarce1//local/jemalloc/lib/../lib -L/home/dmarce1//local/fftw2/lib/../lib -L/home/dmarce1//local/hdf5/lib/../lib -L/home/dmarce1//local/relwithdebinfo/hpx/lib/../lib -L/home/dmarce1//local/silo/lib/../lib -L/home/dmarce1//local/boost/lib/../lib -L/home/dmarce1//local/vc/lib/../lib -L/home/dmarce1//local/hwloc/lib/../lib -L/home/dmarce1//local/gperftools/lib/../lib -L/usr/lib/gcc/x86_64-linux-gnu/9 -L/usr/lib/gcc/x86_64-linux-gnu/9/../../../x86_64-linux-gnu -L/usr/lib/gcc/x86_64-linux-gnu/9/../../../../lib -L/lib/x86_64-linux-gnu -L/lib/../lib -L/usr/lib/x86_64-linux-gnu -L/usr/lib/../lib -L/home/dmarce1//local/silo/lib -L/home/dmarce1//local/vc/lib -L/home/dmarce1//local/hwloc/lib -L/home/dmarce1//local/gperftools/lib -L/home/dmarce1//local/jemalloc/lib -L/home/dmarce1//local/fftw2/lib -L/home/dmarce1//local/hdf5/lib -L/home/dmarce1//local/relwithdebinfo/hpx/lib -L/home/dmarce1//local/silo/lib -L/home/dmarce1//local/boost/lib -L/home/dmarce1//local/vc/lib -L/home/dmarce1//local/hwloc/lib -L/home/dmarce1//local/gperftools/lib -L. -L/usr/lib/gcc/x86_64-linux-gnu/9/../../.. CMakeFiles/cmTC_ff2cc.dir/CMakeCXXCompilerABI.cpp.o -lstdc++ -lm -lgcc_s -lgcc -lc -lgcc_s -lgcc /usr/lib/gcc/x86_64-linux-gnu/9/crtendS.o /usr/lib/gcc/x86_64-linux-gnu/9/../../../x86_64-linux-gnu/crtn.o
COLLECT_GCC_OPTIONS='-fPIC' '-std=c++11' '-L/home/dmarce1/local/boost/lib' '-march=native' '-v' '-o' 'cmTC_ff2cc' '-shared-libgcc'
make[1]: Leaving directory '/home/dmarce1/workspace/cosmictiger/cosmictiger/CMakeFiles/CMakeTmp'



Parsed CXX implicit include dir info from above output: rv=done
  found start of include info
  found start of implicit include info
    add: [/home/dmarce1//local/silo/include]
    add: [/home/dmarce1//local/vc/include]
    add: [/home/dmarce1//local/hwloc/include]
    add: [/home/dmarce1//local/gperftools/include]
    add: [/home/dmarce1//local/jemalloc/include]
    add: [/home/dmarce1//local/fftw2/include]
    add: [/home/dmarce1//local/hdf5/include]
    add: [/home/dmarce1//local/relwithdebinfo/hpx/include]
    add: [/home/dmarce1//local/boost/include]
    add: [.]
    add: [/usr/include/c++/9]
    add: [/usr/include/x86_64-linux-gnu/c++/9]
    add: [/usr/include/c++/9/backward]
    add: [/usr/lib/gcc/x86_64-linux-gnu/9/include]
    add: [/usr/local/include]
    add: [/usr/include/x86_64-linux-gnu]
    add: [/usr/include]
  end of search list found
  collapse include dir [/home/dmarce1//local/silo/include] ==> [/home/dmarce1/local/silo/include]
  collapse include dir [/home/dmarce1//local/vc/include] ==> [/home/dmarce1/local/vc/include]
  collapse include dir [/home/dmarce1//local/hwloc/include] ==> [/home/dmarce1/local/hwloc/include]
  collapse include dir [/home/dmarce1//local/gperftools/include] ==> [/home/dmarce1/local/gperftools/include]
  collapse include dir [/home/dmarce1//local/jemalloc/include] ==> [/home/dmarce1/local/jemalloc/include]
  collapse include dir [/home/dmarce1//local/fftw2/include] ==> [/home/dmarce1/local/fftw2/include]
  collapse include dir [/home/dmarce1//local/hdf5/include] ==> [/home/dmarce1/local/hdf5/include]
  collapse include dir [/home/dmarce1//local/relwithdebinfo/hpx/include] ==> [/home/dmarce1/local/relwithdebinfo/hpx/include]
  collapse include dir [/home/dmarce1//local/boost/include] ==> [/home/dmarce1/local/boost/include]
  skipping relative include dir [.]
  collapse include dir [/usr/include/c++/9] ==> [/usr/include/c++/9]
  collapse include dir [/usr/include/x86_64-linux-gnu/c++/9] ==> [/usr/include/x86_64-linux-gnu/c++/9]
  collapse include dir [/usr/include/c++/9/backward] ==> [/usr/include/c++/9/backward]
  collapse include dir [/usr/lib/gcc/x86_64-linux-gnu/9/include] ==> [/usr/lib/gcc/x86_64-linux-gnu/9/include]
  collapse include dir [/usr/local/include] ==> [/usr/local/include]
  collapse include dir [/usr/include/x86_64-linux-gnu] ==> [/usr/include/x86_64-linux-gnu]
  collapse include dir [/usr/include] ==> [/usr/include]
  implicit include dirs: [/home/dmarce1/local/silo/include;/home/dmarce1/local/vc/include;/home/dmarce1/local/hwloc/include;/home/dmarce1/local/gperftools/include;/home/dmarce1/local/jemalloc/include;/home/dmarce1/local/fftw2/include;/home/dmarce1/local/hdf5/include;/home/dmarce1/local/relwithdebinfo/hpx/include;/home/dmarce1/local/boost/include;/usr/include/c++/9;/usr/include/x86_64-linux-gnu/c++/9;/usr/include/c++/9/backward;/usr/lib/gcc/x86_64-linux-gnu/9/include;/usr/local/include;/usr/include/x86_64-linux-gnu;/usr/include]


Parsed CXX implicit link information from above output:
  link line regex: [^( *|.*[/\])(ld|CMAKE_LINK_STARTFILE-NOTFOUND|([^/\]+-)?ld|collect2)[^/\]*( |$)]
  ignore line: [Change Dir: /home/dmarce1/workspace/cosmictiger/cosmictiger/CMakeFiles/CMakeTmp]
  ignore line: []
  ignore line: [Run Build Command(s):/usr/bin/make cmTC_ff2cc/fast && /usr/bin/make -f CMakeFiles/cmTC_ff2cc.dir/build.make CMakeFiles/cmTC_ff2cc.dir/build]
  ignore line: [make[1]: Entering directory '/home/dmarce1/workspace/cosmictiger/cosmictiger/CMakeFiles/CMakeTmp']
  ignore line: [Building CXX object CMakeFiles/cmTC_ff2cc.dir/CMakeCXXCompilerABI.cpp.o]
  ignore line: [/usr/bin/g++    -fPIC -std=c++0x -L/home/dmarce1/local/boost/lib -march=native    -v -o CMakeFiles/cmTC_ff2cc.dir/CMakeCXXCompilerABI.cpp.o -c /usr/share/cmake-3.16/Modules/CMakeCXXCompilerABI.cpp]
  ignore line: [Using built-in specs.]
  ignore line: [COLLECT_GCC=/usr/bin/g++]
  ignore line: [OFFLOAD_TARGET_NAMES=nvptx-none:hsa]
  ignore line: [OFFLOAD_TARGET_DEFAULT=1]
  ignore line: [Target: x86_64-linux-gnu]
  ignore line: [Configured with: ../src/configure -v --with-pkgversion='Ubuntu 9.3.0-17ubuntu1~20.04' --with-bugurl=file:///usr/share/doc/gcc-9/README.Bugs --enable-languages=c ada c++ go brig d fortran objc obj-c++ gm2 --prefix=/usr --with-gcc-major-version-only --program-suffix=-9 --program-prefix=x86_64-linux-gnu- --enable-shared --enable-linker-build-id --libexecdir=/usr/lib --without-included-gettext --enable-threads=posix --libdir=/usr/lib --enable-nls --enable-clocale=gnu --enable-libstdcxx-debug --enable-libstdcxx-time=yes --with-default-libstdcxx-abi=new --enable-gnu-unique-object --disable-vtable-verify --enable-plugin --enable-default-pie --with-system-zlib --with-target-system-zlib=auto --enable-objc-gc=auto --enable-multiarch --disable-werror --with-arch-32=i686 --with-abi=m64 --with-multilib-list=m32 m64 mx32 --enable-multilib --with-tune=generic --enable-offload-targets=nvptx-none=/build/gcc-9-HskZEa/gcc-9-9.3.0/debian/tmp-nvptx/usr hsa --without-cuda-driver --enable-checking=release --build=x86_64-linux-gnu --host=x86_64-linux-gnu --target=x86_64-linux-gnu]
  ignore line: [Thread model: posix]
  ignore line: [gcc version 9.3.0 (Ubuntu 9.3.0-17ubuntu1~20.04) ]
  ignore line: [COLLECT_GCC_OPTIONS='-fPIC' '-std=c++11' '-L/home/dmarce1/local/boost/lib' '-march=native' '-v' '-o' 'CMakeFiles/cmTC_ff2cc.dir/CMakeCXXCompilerABI.cpp.o' '-c' '-shared-libgcc']
  ignore line: [ /usr/lib/gcc/x86_64-linux-gnu/9/cc1plus -quiet -v -imultiarch x86_64-linux-gnu -D_GNU_SOURCE /usr/share/cmake-3.16/Modules/CMakeCXXCompilerABI.cpp -march=skylake -mmmx -mno-3dnow -msse -msse2 -msse3 -mssse3 -mno-sse4a -mcx16 -msahf -mmovbe -maes -mno-sha -mpclmul -mpopcnt -mabm -mno-lwp -mfma -mno-fma4 -mno-xop -mbmi -msgx -mbmi2 -mno-pconfig -mno-wbnoinvd -mno-tbm -mavx -mavx2 -msse4.2 -msse4.1 -mlzcnt -mno-rtm -mno-hle -mrdrnd -mf16c -mfsgsbase -mrdseed -mprfchw -madx -mfxsr -mxsave -mxsaveopt -mno-avx512f -mno-avx512er -mno-avx512cd -mno-avx512pf -mno-prefetchwt1 -mclflushopt -mxsavec -mxsaves -mno-avx512dq -mno-avx512bw -mno-avx512vl -mno-avx512ifma -mno-avx512vbmi -mno-avx5124fmaps -mno-avx5124vnniw -mno-clwb -mno-mwaitx -mno-clzero -mno-pku -mno-rdpid -mno-gfni -mno-shstk -mno-avx512vbmi2 -mno-avx512vnni -mno-vaes -mno-vpclmulqdq -mno-avx512bitalg -mno-avx512vpopcntdq -mno-movdiri -mno-movdir64b -mno-waitpkg -mno-cldemote -mno-ptwrite --param l1-cache-size=32 --param l1-cache-line-size=64 --param l2-cache-size=12288 -mtune=skylake -quiet -dumpbase CMakeCXXCompilerABI.cpp -auxbase-strip CMakeFiles/cmTC_ff2cc.dir/CMakeCXXCompilerABI.cpp.o -std=c++11 -version -fPIC -fasynchronous-unwind-tables -fstack-protector-strong -Wformat -Wformat-security -fstack-clash-protection -fcf-protection -o /tmp/ccOgqjDi.s]
  ignore line: [GNU C++11 (Ubuntu 9.3.0-17ubuntu1~20.04) version 9.3.0 (x86_64-linux-gnu)]
  ignore line: [	compiled by GNU C version 9.3.0  GMP version 6.2.0  MPFR version 4.0.2  MPC version 1.1.0  isl version isl-0.22.1-GMP]
  ignore line: []
  ignore line: [GGC heuristics: --param ggc-min-expand=100 --param ggc-min-heapsize=131072]
  ignore line: [ignoring duplicate directory "/usr/include/x86_64-linux-gnu/c++/9"]
  ignore line: [ignoring nonexistent directory "/usr/local/include/x86_64-linux-gnu"]
  ignore line: [ignoring nonexistent directory "/usr/lib/gcc/x86_64-linux-gnu/9/include-fixed"]
  ignore line: [ignoring nonexistent directory "/usr/lib/gcc/x86_64-linux-gnu/9/../../../../x86_64-linux-gnu/include"]
  ignore line: [ignoring nonexistent directory "/home/dmarce1//local/cosmictiger/hpx/include"]
  ignore line: [ignoring nonexistent directory "/home/dmarce1//local/valgrind/include"]
  ignore line: [ignoring nonexistent directory "/home/dmarce1//local/relwithdebinfo/octotiger/include"]
  ignore line: [ignoring nonexistent directory "/home/dmarce1//local/mpi/include"]
  ignore line: [ignoring duplicate directory "/home/dmarce1//local/silo/include"]
  ignore line: [ignoring duplicate directory "/home/dmarce1//local/vc/include"]
  ignore line: [ignoring duplicate directory "/home/dmarce1//local/hwloc/include"]
  ignore line: [ignoring duplicate directory "/home/dmarce1//local/gperftools/include"]
  ignore line: [#include "..." search starts here:]
  ignore line: [#include <...> search starts here:]
  ignore line: [ /home/dmarce1//local/silo/include]
  ignore line: [ /home/dmarce1//local/vc/include]
  ignore line: [ /home/dmarce1//local/hwloc/include]
  ignore line: [ /home/dmarce1//local/gperftools/include]
  ignore line: [ /home/dmarce1//local/jemalloc/include]
  ignore line: [ /home/dmarce1//local/fftw2/include]
  ignore line: [ /home/dmarce1//local/hdf5/include]
  ignore line: [ /home/dmarce1//local/relwithdebinfo/hpx/include]
  ignore line: [ /home/dmarce1//local/boost/include]
  ignore line: [ .]
  ignore line: [ /usr/include/c++/9]
  ignore line: [ /usr/include/x86_64-linux-gnu/c++/9]
  ignore line: [ /usr/include/c++/9/backward]
  ignore line: [ /usr/lib/gcc/x86_64-linux-gnu/9/include]
  ignore line: [ /usr/local/include]
  ignore line: [ /usr/include/x86_64-linux-gnu]
  ignore line: [ /usr/include]
  ignore line: [End of search list.]
  ignore line: [GNU C++11 (Ubuntu 9.3.0-17ubuntu1~20.04) version 9.3.0 (x86_64-linux-gnu)]
  ignore line: [	compiled by GNU C version 9.3.0  GMP version 6.2.0  MPFR version 4.0.2  MPC version 1.1.0  isl version isl-0.22.1-GMP]
  ignore line: []
  ignore line: [GGC heuristics: --param ggc-min-expand=100 --param ggc-min-heapsize=131072]
  ignore line: [Compiler executable checksum: 466f818abe2f30ba03783f22bd12d815]
  ignore line: [COLLECT_GCC_OPTIONS='-fPIC' '-std=c++11' '-L/home/dmarce1/local/boost/lib' '-march=native' '-v' '-o' 'CMakeFiles/cmTC_ff2cc.dir/CMakeCXXCompilerABI.cpp.o' '-c' '-shared-libgcc']
  ignore line: [ as -v --64 -o CMakeFiles/cmTC_ff2cc.dir/CMakeCXXCompilerABI.cpp.o /tmp/ccOgqjDi.s]
  ignore line: [GNU assembler version 2.34 (x86_64-linux-gnu) using BFD version (GNU Binutils for Ubuntu) 2.34]
  ignore line: [COMPILER_PATH=/usr/lib/gcc/x86_64-linux-gnu/9/:/usr/lib/gcc/x86_64-linux-gnu/9/:/usr/lib/gcc/x86_64-linux-gnu/:/usr/lib/gcc/x86_64-linux-gnu/9/:/usr/lib/gcc/x86_64-linux-gnu/]
  ignore line: [LIBRARY_PATH=/home/dmarce1//local/silo/lib/../lib/:/home/dmarce1//local/vc/lib/../lib/:/home/dmarce1//local/hwloc/lib/../lib/:/home/dmarce1//local/gperftools/lib/../lib/:/home/dmarce1//local/jemalloc/lib/../lib/:/home/dmarce1//local/fftw2/lib/../lib/:/home/dmarce1//local/hdf5/lib/../lib/:/home/dmarce1//local/relwithdebinfo/hpx/lib/../lib/:/home/dmarce1//local/silo/lib/../lib/:/home/dmarce1//local/boost/lib/../lib/:/home/dmarce1//local/vc/lib/../lib/:/home/dmarce1//local/hwloc/lib/../lib/:/home/dmarce1//local/gperftools/lib/../lib/:/usr/lib/gcc/x86_64-linux-gnu/9/:/usr/lib/gcc/x86_64-linux-gnu/9/../../../x86_64-linux-gnu/:/usr/lib/gcc/x86_64-linux-gnu/9/../../../../lib/:/lib/x86_64-linux-gnu/:/lib/../lib/:/usr/lib/x86_64-linux-gnu/:/usr/lib/../lib/:/home/dmarce1//local/silo/lib/:/home/dmarce1//local/vc/lib/:/home/dmarce1//local/hwloc/lib/:/home/dmarce1//local/gperftools/lib/:/home/dmarce1//local/jemalloc/lib/:/home/dmarce1//local/fftw2/lib/:/home/dmarce1//local/hdf5/lib/:/home/dmarce1//local/relwithdebinfo/hpx/lib/:/home/dmarce1//local/silo/lib/:/home/dmarce1//local/boost/lib/:/home/dmarce1//local/vc/lib/:/home/dmarce1//local/hwloc/lib/:/home/dmarce1//local/gperftools/lib/:./:/usr/lib/gcc/x86_64-linux-gnu/9/../../../:/lib/:/usr/lib/]
  ignore line: [COLLECT_GCC_OPTIONS='-fPIC' '-std=c++11' '-L/home/dmarce1/local/boost/lib' '-march=native' '-v' '-o' 'CMakeFiles/cmTC_ff2cc.dir/CMakeCXXCompilerABI.cpp.o' '-c' '-shared-libgcc']
  ignore line: [Linking CXX executable cmTC_ff2cc]
  ignore line: [/usr/bin/cmake -E cmake_link_script CMakeFiles/cmTC_ff2cc.dir/link.txt --verbose=1]
  ignore line: [/usr/bin/g++  -fPIC -std=c++0x -L/home/dmarce1/local/boost/lib -march=native    -v CMakeFiles/cmTC_ff2cc.dir/CMakeCXXCompilerABI.cpp.o  -o cmTC_ff2cc ]
  ignore line: [Using built-in specs.]
  ignore line: [COLLECT_GCC=/usr/bin/g++]
  ignore line: [COLLECT_LTO_WRAPPER=/usr/lib/gcc/x86_64-linux-gnu/9/lto-wrapper]
  ignore line: [OFFLOAD_TARGET_NAMES=nvptx-none:hsa]
  ignore line: [OFFLOAD_TARGET_DEFAULT=1]
  ignore line: [Target: x86_64-linux-gnu]
  ignore line: [Configured with: ../src/configure -v --with-pkgversion='Ubuntu 9.3.0-17ubuntu1~20.04' --with-bugurl=file:///usr/share/doc/gcc-9/README.Bugs --enable-languages=c ada c++ go brig d fortran objc obj-c++ gm2 --prefix=/usr --with-gcc-major-version-only --program-suffix=-9 --program-prefix=x86_64-linux-gnu- --enable-shared --enable-linker-build-id --libexecdir=/usr/lib --without-included-gettext --enable-threads=posix --libdir=/usr/lib --enable-nls --enable-clocale=gnu --enable-libstdcxx-debug --enable-libstdcxx-time=yes --with-default-libstdcxx-abi=new --enable-gnu-unique-object --disable-vtable-verify --enable-plugin --enable-default-pie --with-system-zlib --with-target-system-zlib=auto --enable-objc-gc=auto --enable-multiarch --disable-werror --with-arch-32=i686 --with-abi=m64 --with-multilib-list=m32 m64 mx32 --enable-multilib --with-tune=generic --enable-offload-targets=nvptx-none=/build/gcc-9-HskZEa/gcc-9-9.3.0/debian/tmp-nvptx/usr hsa --without-cuda-driver --enable-checking=release --build=x86_64-linux-gnu --host=x86_64-linux-gnu --target=x86_64-linux-gnu]
  ignore line: [Thread model: posix]
  ignore line: [gcc version 9.3.0 (Ubuntu 9.3.0-17ubuntu1~20.04) ]
  ignore line: [COMPILER_PATH=/usr/lib/gcc/x86_64-linux-gnu/9/:/usr/lib/gcc/x86_64-linux-gnu/9/:/usr/lib/gcc/x86_64-linux-gnu/:/usr/lib/gcc/x86_64-linux-gnu/9/:/usr/lib/gcc/x86_64-linux-gnu/]
  ignore line: [LIBRARY_PATH=/home/dmarce1//local/silo/lib/../lib/:/home/dmarce1//local/vc/lib/../lib/:/home/dmarce1//local/hwloc/lib/../lib/:/home/dmarce1//local/gperftools/lib/../lib/:/home/dmarce1//local/jemalloc/lib/../lib/:/home/dmarce1//local/fftw2/lib/../lib/:/home/dmarce1//local/hdf5/lib/../lib/:/home/dmarce1//local/relwithdebinfo/hpx/lib/../lib/:/home/dmarce1//local/silo/lib/../lib/:/home/dmarce1//local/boost/lib/../lib/:/home/dmarce1//local/vc/lib/../lib/:/home/dmarce1//local/hwloc/lib/../lib/:/home/dmarce1//local/gperftools/lib/../lib/:/usr/lib/gcc/x86_64-linux-gnu/9/:/usr/lib/gcc/x86_64-linux-gnu/9/../../../x86_64-linux-gnu/:/usr/lib/gcc/x86_64-linux-gnu/9/../../../../lib/:/lib/x86_64-linux-gnu/:/lib/../lib/:/usr/lib/x86_64-linux-gnu/:/usr/lib/../lib/:/home/dmarce1//local/silo/lib/:/home/dmarce1//local/vc/lib/:/home/dmarce1//local/hwloc/lib/:/home/dmarce1//local/gperftools/lib/:/home/dmarce1//local/jemalloc/lib/:/home/dmarce1//local/fftw2/lib/:/home/dmarce1//local/hdf5/lib/:/home/dmarce1//local/relwithdebinfo/hpx/lib/:/home/dmarce1//local/silo/lib/:/home/dmarce1//local/boost/lib/:/home/dmarce1//local/vc/lib/:/home/dmarce1//local/hwloc/lib/:/home/dmarce1//local/gperftools/lib/:./:/usr/lib/gcc/x86_64-linux-gnu/9/../../../:/lib/:/usr/lib/]
  ignore line: [COLLECT_GCC_OPTIONS='-fPIC' '-std=c++11' '-L/home/dmarce1/local/boost/lib' '-march=native' '-v' '-o' 'cmTC_ff2cc' '-shared-libgcc']
  link line: [ /usr/lib/gcc/x86_64-linux-gnu/9/collect2 -plugin /usr/lib/gcc/x86_64-linux-gnu/9/liblto_plugin.so -plugin-opt=/usr/lib/gcc/x86_64-linux-gnu/9/lto-wrapper -plugin-opt=-fresolution=/tmp/cc3IuUXL.res -plugin-opt=-pass-through=-lgcc_s -plugin-opt=-pass-through=-lgcc -plugin-opt=-pass-through=-lc -plugin-opt=-pass-through=-lgcc_s -plugin-opt=-pass-through=-lgcc --build-id --eh-frame-hdr -m elf_x86_64 --hash-style=gnu --as-needed -dynamic-linker /lib64/ld-linux-x86-64.so.2 -pie -z now -z relro -o cmTC_ff2cc /usr/lib/gcc/x86_64-linux-gnu/9/../../../x86_64-linux-gnu/Scrt1.o /usr/lib/gcc/x86_64-linux-gnu/9/../../../x86_64-linux-gnu/crti.o /usr/lib/gcc/x86_64-linux-gnu/9/crtbeginS.o -L/home/dmarce1/local/boost/lib -L/home/dmarce1//local/silo/lib/../lib -L/home/dmarce1//local/vc/lib/../lib -L/home/dmarce1//local/hwloc/lib/../lib -L/home/dmarce1//local/gperftools/lib/../lib -L/home/dmarce1//local/jemalloc/lib/../lib -L/home/dmarce1//local/fftw2/lib/../lib -L/home/dmarce1//local/hdf5/lib/../lib -L/home/dmarce1//local/relwithdebinfo/hpx/lib/../lib -L/home/dmarce1//local/silo/lib/../lib -L/home/dmarce1//local/boost/lib/../lib -L/home/dmarce1//local/vc/lib/../lib -L/home/dmarce1//local/hwloc/lib/../lib -L/home/dmarce1//local/gperftools/lib/../lib -L/usr/lib/gcc/x86_64-linux-gnu/9 -L/usr/lib/gcc/x86_64-linux-gnu/9/../../../x86_64-linux-gnu -L/usr/lib/gcc/x86_64-linux-gnu/9/../../../../lib -L/lib/x86_64-linux-gnu -L/lib/../lib -L/usr/lib/x86_64-linux-gnu -L/usr/lib/../lib -L/home/dmarce1//local/silo/lib -L/home/dmarce1//local/vc/lib -L/home/dmarce1//local/hwloc/lib -L/home/dmarce1//local/gperftools/lib -L/home/dmarce1//local/jemalloc/lib -L/home/dmarce1//local/fftw2/lib -L/home/dmarce1//local/hdf5/lib -L/home/dmarce1//local/relwithdebinfo/hpx/lib -L/home/dmarce1//local/silo/lib -L/home/dmarce1//local/boost/lib -L/home/dmarce1//local/vc/lib -L/home/dmarce1//local/hwloc/lib -L/home/dmarce1//local/gperftools/lib -L. -L/usr/lib/gcc/x86_64-linux-gnu/9/../../.. CMakeFiles/cmTC_ff2cc.dir/CMakeCXXCompilerABI.cpp.o -lstdc++ -lm -lgcc_s -lgcc -lc -lgcc_s -lgcc /usr/lib/gcc/x86_64-linux-gnu/9/crtendS.o /usr/lib/gcc/x86_64-linux-gnu/9/../../../x86_64-linux-gnu/crtn.o]
    arg [/usr/lib/gcc/x86_64-linux-gnu/9/collect2] ==> ignore
    arg [-plugin] ==> ignore
    arg [/usr/lib/gcc/x86_64-linux-gnu/9/liblto_plugin.so] ==> ignore
    arg [-plugin-opt=/usr/lib/gcc/x86_64-linux-gnu/9/lto-wrapper] ==> ignore
    arg [-plugin-opt=-fresolution=/tmp/cc3IuUXL.res] ==> ignore
    arg [-plugin-opt=-pass-through=-lgcc_s] ==> ignore
    arg [-plugin-opt=-pass-through=-lgcc] ==> ignore
    arg [-plugin-opt=-pass-through=-lc] ==> ignore
    arg [-plugin-opt=-pass-through=-lgcc_s] ==> ignore
    arg [-plugin-opt=-pass-through=-lgcc] ==> ignore
    arg [--build-id] ==> ignore
    arg [--eh-frame-hdr] ==> ignore
    arg [-m] ==> ignore
    arg [elf_x86_64] ==> ignore
    arg [--hash-style=gnu] ==> ignore
    arg [--as-needed] ==> ignore
    arg [-dynamic-linker] ==> ignore
    arg [/lib64/ld-linux-x86-64.so.2] ==> ignore
    arg [-pie] ==> ignore
    arg [-znow] ==> ignore
    arg [-zrelro] ==> ignore
    arg [-o] ==> ignore
    arg [cmTC_ff2cc] ==> ignore
    arg [/usr/lib/gcc/x86_64-linux-gnu/9/../../../x86_64-linux-gnu/Scrt1.o] ==> ignore
    arg [/usr/lib/gcc/x86_64-linux-gnu/9/../../../x86_64-linux-gnu/crti.o] ==> ignore
    arg [/usr/lib/gcc/x86_64-linux-gnu/9/crtbeginS.o] ==> ignore
    arg [-L/home/dmarce1/local/boost/lib] ==> dir [/home/dmarce1/local/boost/lib]
    arg [-L/home/dmarce1//local/silo/lib/../lib] ==> dir [/home/dmarce1//local/silo/lib/../lib]
    arg [-L/home/dmarce1//local/vc/lib/../lib] ==> dir [/home/dmarce1//local/vc/lib/../lib]
    arg [-L/home/dmarce1//local/hwloc/lib/../lib] ==> dir [/home/dmarce1//local/hwloc/lib/../lib]
    arg [-L/home/dmarce1//local/gperftools/lib/../lib] ==> dir [/home/dmarce1//local/gperftools/lib/../lib]
    arg [-L/home/dmarce1//local/jemalloc/lib/../lib] ==> dir [/home/dmarce1//local/jemalloc/lib/../lib]
    arg [-L/home/dmarce1//local/fftw2/lib/../lib] ==> dir [/home/dmarce1//local/fftw2/lib/../lib]
    arg [-L/home/dmarce1//local/hdf5/lib/../lib] ==> dir [/home/dmarce1//local/hdf5/lib/../lib]
    arg [-L/home/dmarce1//local/relwithdebinfo/hpx/lib/../lib] ==> dir [/home/dmarce1//local/relwithdebinfo/hpx/lib/../lib]
    arg [-L/home/dmarce1//local/silo/lib/../lib] ==> dir [/home/dmarce1//local/silo/lib/../lib]
    arg [-L/home/dmarce1//local/boost/lib/../lib] ==> dir [/home/dmarce1//local/boost/lib/../lib]
    arg [-L/home/dmarce1//local/vc/lib/../lib] ==> dir [/home/dmarce1//local/vc/lib/../lib]
    arg [-L/home/dmarce1//local/hwloc/lib/../lib] ==> dir [/home/dmarce1//local/hwloc/lib/../lib]
    arg [-L/home/dmarce1//local/gperftools/lib/../lib] ==> dir [/home/dmarce1//local/gperftools/lib/../lib]
    arg [-L/usr/lib/gcc/x86_64-linux-gnu/9] ==> dir [/usr/lib/gcc/x86_64-linux-gnu/9]
    arg [-L/usr/lib/gcc/x86_64-linux-gnu/9/../../../x86_64-linux-gnu] ==> dir [/usr/lib/gcc/x86_64-linux-gnu/9/../../../x86_64-linux-gnu]
    arg [-L/usr/lib/gcc/x86_64-linux-gnu/9/../../../../lib] ==> dir [/usr/lib/gcc/x86_64-linux-gnu/9/../../../../lib]
    arg [-L/lib/x86_64-linux-gnu] ==> dir [/lib/x86_64-linux-gnu]
    arg [-L/lib/../lib] ==> dir [/lib/../lib]
    arg [-L/usr/lib/x86_64-linux-gnu] ==> dir [/usr/lib/x86_64-linux-gnu]
    arg [-L/usr/lib/../lib] ==> dir [/usr/lib/../lib]
    arg [-L/home/dmarce1//local/silo/lib] ==> dir [/home/dmarce1//local/silo/lib]
    arg [-L/home/dmarce1//local/vc/lib] ==> dir [/home/dmarce1//local/vc/lib]
    arg [-L/home/dmarce1//local/hwloc/lib] ==> dir [/home/dmarce1//local/hwloc/lib]
    arg [-L/home/dmarce1//local/gperftools/lib] ==> dir [/home/dmarce1//local/gperftools/lib]
    arg [-L/home/dmarce1//local/jemalloc/lib] ==> dir [/home/dmarce1//local/jemalloc/lib]
    arg [-L/home/dmarce1//local/fftw2/lib] ==> dir [/home/dmarce1//local/fftw2/lib]
    arg [-L/home/dmarce1//local/hdf5/lib] ==> dir [/home/dmarce1//local/hdf5/lib]
    arg [-L/home/dmarce1//local/relwithdebinfo/hpx/lib] ==> dir [/home/dmarce1//local/relwithdebinfo/hpx/lib]
    arg [-L/home/dmarce1//local/silo/lib] ==> dir [/home/dmarce1//local/silo/lib]
    arg [-L/home/dmarce1//local/boost/lib] ==> dir [/home/dmarce1//local/boost/lib]
    arg [-L/home/dmarce1//local/vc/lib] ==> dir [/home/dmarce1//local/vc/lib]
    arg [-L/home/dmarce1//local/hwloc/lib] ==> dir [/home/dmarce1//local/hwloc/lib]
    arg [-L/home/dmarce1//local/gperftools/lib] ==> dir [/home/dmarce1//local/gperftools/lib]
    arg [-L.] ==> ignore
    arg [-L/usr/lib/gcc/x86_64-linux-gnu/9/../../..] ==> dir [/usr/lib/gcc/x86_64-linux-gnu/9/../../..]
    arg [CMakeFiles/cmTC_ff2cc.dir/CMakeCXXCompilerABI.cpp.o] ==> ignore
    arg [-lstdc++] ==> lib [stdc++]
    arg [-lm] ==> lib [m]
    arg [-lgcc_s] ==> lib [gcc_s]
    arg [-lgcc] ==> lib [gcc]
    arg [-lc] ==> lib [c]
    arg [-lgcc_s] ==> lib [gcc_s]
    arg [-lgcc] ==> lib [gcc]
    arg [/usr/lib/gcc/x86_64-linux-gnu/9/crtendS.o] ==> ignore
    arg [/usr/lib/gcc/x86_64-linux-gnu/9/../../../x86_64-linux-gnu/crtn.o] ==> ignore
  collapse library dir [/home/dmarce1/local/boost/lib] ==> [/home/dmarce1/local/boost/lib]
  collapse library dir [/home/dmarce1//local/silo/lib/../lib] ==> [/home/dmarce1/local/silo/lib]
  collapse library dir [/home/dmarce1//local/vc/lib/../lib] ==> [/home/dmarce1/local/vc/lib]
  collapse library dir [/home/dmarce1//local/hwloc/lib/../lib] ==> [/home/dmarce1/local/hwloc/lib]
  collapse library dir [/home/dmarce1//local/gperftools/lib/../lib] ==> [/home/dmarce1/local/gperftools/lib]
  collapse library dir [/home/dmarce1//local/jemalloc/lib/../lib] ==> [/home/dmarce1/local/jemalloc/lib]
  collapse library dir [/home/dmarce1//local/fftw2/lib/../lib] ==> [/home/dmarce1/local/fftw2/lib]
  collapse library dir [/home/dmarce1//local/hdf5/lib/../lib] ==> [/home/dmarce1/local/hdf5/lib]
  collapse library dir [/home/dmarce1//local/relwithdebinfo/hpx/lib/../lib] ==> [/home/dmarce1/local/relwithdebinfo/hpx/lib]
  collapse library dir [/home/dmarce1//local/silo/lib/../lib] ==> [/home/dmarce1/local/silo/lib]
  collapse library dir [/home/dmarce1//local/boost/lib/../lib] ==> [/home/dmarce1/local/boost/lib]
  collapse library dir [/home/dmarce1//local/vc/lib/../lib] ==> [/home/dmarce1/local/vc/lib]
  collapse library dir [/home/dmarce1//local/hwloc/lib/../lib] ==> [/home/dmarce1/local/hwloc/lib]
  collapse library dir [/home/dmarce1//local/gperftools/lib/../lib] ==> [/home/dmarce1/local/gperftools/lib]
  collapse library dir [/usr/lib/gcc/x86_64-linux-gnu/9] ==> [/usr/lib/gcc/x86_64-linux-gnu/9]
  collapse library dir [/usr/lib/gcc/x86_64-linux-gnu/9/../../../x86_64-linux-gnu] ==> [/usr/lib/x86_64-linux-gnu]
  collapse library dir [/usr/lib/gcc/x86_64-linux-gnu/9/../../../../lib] ==> [/usr/lib]
  collapse library dir [/lib/x86_64-linux-gnu] ==> [/lib/x86_64-linux-gnu]
  collapse library dir [/lib/../lib] ==> [/lib]
  collapse library dir [/usr/lib/x86_64-linux-gnu] ==> [/usr/lib/x86_64-linux-gnu]
  collapse library dir [/usr/lib/../lib] ==> [/usr/lib]
  collapse library dir [/home/dmarce1//local/silo/lib] ==> [/home/dmarce1/local/silo/lib]
  collapse library dir [/home/dmarce1//local/vc/lib] ==> [/home/dmarce1/local/vc/lib]
  collapse library dir [/home/dmarce1//local/hwloc/lib] ==> [/home/dmarce1/local/hwloc/lib]
  collapse library dir [/home/dmarce1//local/gperftools/lib] ==> [/home/dmarce1/local/gperftools/lib]
  collapse library dir [/home/dmarce1//local/jemalloc/lib] ==> [/home/dmarce1/local/jemalloc/lib]
  collapse library dir [/home/dmarce1//local/fftw2/lib] ==> [/home/dmarce1/local/fftw2/lib]
  collapse library dir [/home/dmarce1//local/hdf5/lib] ==> [/home/dmarce1/local/hdf5/lib]
  collapse library dir [/home/dmarce1//local/relwithdebinfo/hpx/lib] ==> [/home/dmarce1/local/relwithdebinfo/hpx/lib]
  collapse library dir [/home/dmarce1//local/silo/lib] ==> [/home/dmarce1/local/silo/lib]
  collapse library dir [/home/dmarce1//local/boost/lib] ==> [/home/dmarce1/local/boost/lib]
  collapse library dir [/home/dmarce1//local/vc/lib] ==> [/home/dmarce1/local/vc/lib]
  collapse library dir [/home/dmarce1//local/hwloc/lib] ==> [/home/dmarce1/local/hwloc/lib]
  collapse library dir [/home/dmarce1//local/gperftools/lib] ==> [/home/dmarce1/local/gperftools/lib]
  collapse library dir [/usr/lib/gcc/x86_64-linux-gnu/9/../../..] ==> [/usr/lib]
  implicit libs: [stdc++;m;gcc_s;gcc;c;gcc_s;gcc]
  implicit dirs: [/home/dmarce1/local/boost/lib;/home/dmarce1/local/silo/lib;/home/dmarce1/local/vc/lib;/home/dmarce1/local/hwloc/lib;/home/dmarce1/local/gperftools/lib;/home/dmarce1/local/jemalloc/lib;/home/dmarce1/local/fftw2/lib;/home/dmarce1/local/hdf5/lib;/home/dmarce1/local/relwithdebinfo/hpx/lib;/usr/lib/gcc/x86_64-linux-gnu/9;/usr/lib/x86_64-linux-gnu;/usr/lib;/lib/x86_64-linux-gnu;/lib]
  implicit fwks: []


Determining if the C compiler works passed with the following output:
Change Dir: /home/dmarce1/workspace/cosmictiger/cosmictiger/CMakeFiles/CMakeTmp

Run Build Command(s):/usr/bin/make cmTC_b654c/fast && /usr/bin/make -f CMakeFiles/cmTC_b654c.dir/build.make CMakeFiles/cmTC_b654c.dir/build
make[1]: Entering directory '/home/dmarce1/workspace/cosmictiger/cosmictiger/CMakeFiles/CMakeTmp'
Building C object CMakeFiles/cmTC_b654c.dir/testCCompiler.c.o
/usr/bin/gcc   -fPIC -L/home/dmarce1/local/boost/lib    -o CMakeFiles/cmTC_b654c.dir/testCCompiler.c.o   -c /home/dmarce1/workspace/cosmictiger/cosmictiger/CMakeFiles/CMakeTmp/testCCompiler.c
Linking C executable cmTC_b654c
/usr/bin/cmake -E cmake_link_script CMakeFiles/cmTC_b654c.dir/link.txt --verbose=1
/usr/bin/gcc -fPIC -L/home/dmarce1/local/boost/lib     CMakeFiles/cmTC_b654c.dir/testCCompiler.c.o  -o cmTC_b654c 
make[1]: Leaving directory '/home/dmarce1/workspace/cosmictiger/cosmictiger/CMakeFiles/CMakeTmp'



Detecting C compiler ABI info compiled with the following output:
Change Dir: /home/dmarce1/workspace/cosmictiger/cosmictiger/CMakeFiles/CMakeTmp

Run Build Command(s):/usr/bin/make cmTC_4d228/fast && /usr/bin/make -f CMakeFiles/cmTC_4d228.dir/build.make CMakeFiles/cmTC_4d228.dir/build
make[1]: Entering directory '/home/dmarce1/workspace/cosmictiger/cosmictiger/CMakeFiles/CMakeTmp'
Building C object CMakeFiles/cmTC_4d228.dir/CMakeCCompilerABI.c.o
/usr/bin/gcc   -fPIC -L/home/dmarce1/local/boost/lib    -v -o CMakeFiles/cmTC_4d228.dir/CMakeCCompilerABI.c.o   -c /usr/share/cmake-3.16/Modules/CMakeCCompilerABI.c
Using built-in specs.
COLLECT_GCC=/usr/bin/gcc
OFFLOAD_TARGET_NAMES=nvptx-none:hsa
OFFLOAD_TARGET_DEFAULT=1
Target: x86_64-linux-gnu
Configured with: ../src/configure -v --with-pkgversion='Ubuntu 9.3.0-17ubuntu1~20.04' --with-bugurl=file:///usr/share/doc/gcc-9/README.Bugs --enable-languages=c,ada,c++,go,brig,d,fortran,objc,obj-c++,gm2 --prefix=/usr --with-gcc-major-version-only --program-suffix=-9 --program-prefix=x86_64-linux-gnu- --enable-shared --enable-linker-build-id --libexecdir=/usr/lib --without-included-gettext --enable-threads=posix --libdir=/usr/lib --enable-nls --enable-clocale=gnu --enable-libstdcxx-debug --enable-libstdcxx-time=yes --with-default-libstdcxx-abi=new --enable-gnu-unique-object --disable-vtable-verify --enable-plugin --enable-default-pie --with-system-zlib --with-target-system-zlib=auto --enable-objc-gc=auto --enable-multiarch --disable-werror --with-arch-32=i686 --with-abi=m64 --with-multilib-list=m32,m64,mx32 --enable-multilib --with-tune=generic --enable-offload-targets=nvptx-none=/build/gcc-9-HskZEa/gcc-9-9.3.0/debian/tmp-nvptx/usr,hsa --without-cuda-driver --enable-checking=release --build=x86_64-linux-gnu --host=x86_64-linux-gnu --target=x86_64-linux-gnu
Thread model: posix
gcc version 9.3.0 (Ubuntu 9.3.0-17ubuntu1~20.04) 
COLLECT_GCC_OPTIONS='-fPIC' '-L/home/dmarce1/local/boost/lib' '-v' '-o' 'CMakeFiles/cmTC_4d228.dir/CMakeCCompilerABI.c.o' '-c' '-mtune=generic' '-march=x86-64'
 /usr/lib/gcc/x86_64-linux-gnu/9/cc1 -quiet -v -imultiarch x86_64-linux-gnu /usr/share/cmake-3.16/Modules/CMakeCCompilerABI.c -quiet -dumpbase CMakeCCompilerABI.c -mtune=generic -march=x86-64 -auxbase-strip CMakeFiles/cmTC_4d228.dir/CMakeCCompilerABI.c.o -version -fPIC -fasynchronous-unwind-tables -fstack-protector-strong -Wformat -Wformat-security -fstack-clash-protection -fcf-protection -o /tmp/cc9GBZRj.s
GNU C17 (Ubuntu 9.3.0-17ubuntu1~20.04) version 9.3.0 (x86_64-linux-gnu)
	compiled by GNU C version 9.3.0, GMP version 6.2.0, MPFR version 4.0.2, MPC version 1.1.0, isl version isl-0.22.1-GMP

GGC heuristics: --param ggc-min-expand=100 --param ggc-min-heapsize=131072
ignoring nonexistent directory "/usr/local/include/x86_64-linux-gnu"
ignoring nonexistent directory "/usr/lib/gcc/x86_64-linux-gnu/9/include-fixed"
ignoring nonexistent directory "/usr/lib/gcc/x86_64-linux-gnu/9/../../../../x86_64-linux-gnu/include"
ignoring nonexistent directory "/home/dmarce1//local/cosmictiger/hpx/include"
ignoring nonexistent directory "/home/dmarce1//local/valgrind/include"
ignoring nonexistent directory "/home/dmarce1//local/relwithdebinfo/octotiger/include"
ignoring nonexistent directory "/home/dmarce1//local/mpi/include"
ignoring duplicate directory "/home/dmarce1//local/silo/include"
ignoring duplicate directory "/home/dmarce1//local/vc/include"
ignoring duplicate directory "/home/dmarce1//local/hwloc/include"
ignoring duplicate directory "/home/dmarce1//local/gperftools/include"
#include "..." search starts here:
#include <...> search starts here:
 /home/dmarce1//local/silo/include
 /home/dmarce1//local/vc/include
 /home/dmarce1//local/hwloc/include
 /home/dmarce1//local/gperftools/include
 /home/dmarce1//local/jemalloc/include
 /home/dmarce1//local/fftw2/include
 /home/dmarce1//local/hdf5/include
 /home/dmarce1//local/relwithdebinfo/hpx/include
 /home/dmarce1//local/boost/include
 .
 /usr/lib/gcc/x86_64-linux-gnu/9/include
 /usr/local/include
 /usr/include/x86_64-linux-gnu
 /usr/include
End of search list.
GNU C17 (Ubuntu 9.3.0-17ubuntu1~20.04) version 9.3.0 (x86_64-linux-gnu)
	compiled by GNU C version 9.3.0, GMP version 6.2.0, MPFR version 4.0.2, MPC version 1.1.0, isl version isl-0.22.1-GMP

GGC heuristics: --param ggc-min-expand=100 --param ggc-min-heapsize=131072
Compiler executable checksum: bbf13931d8de1abe14040c9909cb6969
COLLECT_GCC_OPTIONS='-fPIC' '-L/home/dmarce1/local/boost/lib' '-v' '-o' 'CMakeFiles/cmTC_4d228.dir/CMakeCCompilerABI.c.o' '-c' '-mtune=generic' '-march=x86-64'
 as -v --64 -o CMakeFiles/cmTC_4d228.dir/CMakeCCompilerABI.c.o /tmp/cc9GBZRj.s
GNU assembler version 2.34 (x86_64-linux-gnu) using BFD version (GNU Binutils for Ubuntu) 2.34
COMPILER_PATH=/usr/lib/gcc/x86_64-linux-gnu/9/:/usr/lib/gcc/x86_64-linux-gnu/9/:/usr/lib/gcc/x86_64-linux-gnu/:/usr/lib/gcc/x86_64-linux-gnu/9/:/usr/lib/gcc/x86_64-linux-gnu/
LIBRARY_PATH=/home/dmarce1//local/silo/lib/../lib/:/home/dmarce1//local/vc/lib/../lib/:/home/dmarce1//local/hwloc/lib/../lib/:/home/dmarce1//local/gperftools/lib/../lib/:/home/dmarce1//local/jemalloc/lib/../lib/:/home/dmarce1//local/fftw2/lib/../lib/:/home/dmarce1//local/hdf5/lib/../lib/:/home/dmarce1//local/relwithdebinfo/hpx/lib/../lib/:/home/dmarce1//local/silo/lib/../lib/:/home/dmarce1//local/boost/lib/../lib/:/home/dmarce1//local/vc/lib/../lib/:/home/dmarce1//local/hwloc/lib/../lib/:/home/dmarce1//local/gperftools/lib/../lib/:/usr/lib/gcc/x86_64-linux-gnu/9/:/usr/lib/gcc/x86_64-linux-gnu/9/../../../x86_64-linux-gnu/:/usr/lib/gcc/x86_64-linux-gnu/9/../../../../lib/:/lib/x86_64-linux-gnu/:/lib/../lib/:/usr/lib/x86_64-linux-gnu/:/usr/lib/../lib/:/home/dmarce1//local/silo/lib/:/home/dmarce1//local/vc/lib/:/home/dmarce1//local/hwloc/lib/:/home/dmarce1//local/gperftools/lib/:/home/dmarce1//local/jemalloc/lib/:/home/dmarce1//local/fftw2/lib/:/home/dmarce1//local/hdf5/lib/:/home/dmarce1//local/relwithdebinfo/hpx/lib/:/home/dmarce1//local/silo/lib/:/home/dmarce1//local/boost/lib/:/home/dmarce1//local/vc/lib/:/home/dmarce1//local/hwloc/lib/:/home/dmarce1//local/gperftools/lib/:./:/usr/lib/gcc/x86_64-linux-gnu/9/../../../:/lib/:/usr/lib/
COLLECT_GCC_OPTIONS='-fPIC' '-L/home/dmarce1/local/boost/lib' '-v' '-o' 'CMakeFiles/cmTC_4d228.dir/CMakeCCompilerABI.c.o' '-c' '-mtune=generic' '-march=x86-64'
Linking C executable cmTC_4d228
/usr/bin/cmake -E cmake_link_script CMakeFiles/cmTC_4d228.dir/link.txt --verbose=1
/usr/bin/gcc -fPIC -L/home/dmarce1/local/boost/lib    -v CMakeFiles/cmTC_4d228.dir/CMakeCCompilerABI.c.o  -o cmTC_4d228 
Using built-in specs.
COLLECT_GCC=/usr/bin/gcc
COLLECT_LTO_WRAPPER=/usr/lib/gcc/x86_64-linux-gnu/9/lto-wrapper
OFFLOAD_TARGET_NAMES=nvptx-none:hsa
OFFLOAD_TARGET_DEFAULT=1
Target: x86_64-linux-gnu
Configured with: ../src/configure -v --with-pkgversion='Ubuntu 9.3.0-17ubuntu1~20.04' --with-bugurl=file:///usr/share/doc/gcc-9/README.Bugs --enable-languages=c,ada,c++,go,brig,d,fortran,objc,obj-c++,gm2 --prefix=/usr --with-gcc-major-version-only --program-suffix=-9 --program-prefix=x86_64-linux-gnu- --enable-shared --enable-linker-build-id --libexecdir=/usr/lib --without-included-gettext --enable-threads=posix --libdir=/usr/lib --enable-nls --enable-clocale=gnu --enable-libstdcxx-debug --enable-libstdcxx-time=yes --with-default-libstdcxx-abi=new --enable-gnu-unique-object --disable-vtable-verify --enable-plugin --enable-default-pie --with-system-zlib --with-target-system-zlib=auto --enable-objc-gc=auto --enable-multiarch --disable-werror --with-arch-32=i686 --with-abi=m64 --with-multilib-list=m32,m64,mx32 --enable-multilib --with-tune=generic --enable-offload-targets=nvptx-none=/build/gcc-9-HskZEa/gcc-9-9.3.0/debian/tmp-nvptx/usr,hsa --without-cuda-driver --enable-checking=release --build=x86_64-linux-gnu --host=x86_64-linux-gnu --target=x86_64-linux-gnu
Thread model: posix
gcc version 9.3.0 (Ubuntu 9.3.0-17ubuntu1~20.04) 
COMPILER_PATH=/usr/lib/gcc/x86_64-linux-gnu/9/:/usr/lib/gcc/x86_64-linux-gnu/9/:/usr/lib/gcc/x86_64-linux-gnu/:/usr/lib/gcc/x86_64-linux-gnu/9/:/usr/lib/gcc/x86_64-linux-gnu/
LIBRARY_PATH=/home/dmarce1//local/silo/lib/../lib/:/home/dmarce1//local/vc/lib/../lib/:/home/dmarce1//local/hwloc/lib/../lib/:/home/dmarce1//local/gperftools/lib/../lib/:/home/dmarce1//local/jemalloc/lib/../lib/:/home/dmarce1//local/fftw2/lib/../lib/:/home/dmarce1//local/hdf5/lib/../lib/:/home/dmarce1//local/relwithdebinfo/hpx/lib/../lib/:/home/dmarce1//local/silo/lib/../lib/:/home/dmarce1//local/boost/lib/../lib/:/home/dmarce1//local/vc/lib/../lib/:/home/dmarce1//local/hwloc/lib/../lib/:/home/dmarce1//local/gperftools/lib/../lib/:/usr/lib/gcc/x86_64-linux-gnu/9/:/usr/lib/gcc/x86_64-linux-gnu/9/../../../x86_64-linux-gnu/:/usr/lib/gcc/x86_64-linux-gnu/9/../../../../lib/:/lib/x86_64-linux-gnu/:/lib/../lib/:/usr/lib/x86_64-linux-gnu/:/usr/lib/../lib/:/home/dmarce1//local/silo/lib/:/home/dmarce1//local/vc/lib/:/home/dmarce1//local/hwloc/lib/:/home/dmarce1//local/gperftools/lib/:/home/dmarce1//local/jemalloc/lib/:/home/dmarce1//local/fftw2/lib/:/home/dmarce1//local/hdf5/lib/:/home/dmarce1//local/relwithdebinfo/hpx/lib/:/home/dmarce1//local/silo/lib/:/home/dmarce1//local/boost/lib/:/home/dmarce1//local/vc/lib/:/home/dmarce1//local/hwloc/lib/:/home/dmarce1//local/gperftools/lib/:./:/usr/lib/gcc/x86_64-linux-gnu/9/../../../:/lib/:/usr/lib/
COLLECT_GCC_OPTIONS='-fPIC' '-L/home/dmarce1/local/boost/lib' '-v' '-o' 'cmTC_4d228' '-mtune=generic' '-march=x86-64'
 /usr/lib/gcc/x86_64-linux-gnu/9/collect2 -plugin /usr/lib/gcc/x86_64-linux-gnu/9/liblto_plugin.so -plugin-opt=/usr/lib/gcc/x86_64-linux-gnu/9/lto-wrapper -plugin-opt=-fresolution=/tmp/ccuXTDKI.res -plugin-opt=-pass-through=-lgcc -plugin-opt=-pass-through=-lgcc_s -plugin-opt=-pass-through=-lc -plugin-opt=-pass-through=-lgcc -plugin-opt=-pass-through=-lgcc_s --build-id --eh-frame-hdr -m elf_x86_64 --hash-style=gnu --as-needed -dynamic-linker /lib64/ld-linux-x86-64.so.2 -pie -z now -z relro -o cmTC_4d228 /usr/lib/gcc/x86_64-linux-gnu/9/../../../x86_64-linux-gnu/Scrt1.o /usr/lib/gcc/x86_64-linux-gnu/9/../../../x86_64-linux-gnu/crti.o /usr/lib/gcc/x86_64-linux-gnu/9/crtbeginS.o -L/home/dmarce1/local/boost/lib -L/home/dmarce1//local/silo/lib/../lib -L/home/dmarce1//local/vc/lib/../lib -L/home/dmarce1//local/hwloc/lib/../lib -L/home/dmarce1//local/gperftools/lib/../lib -L/home/dmarce1//local/jemalloc/lib/../lib -L/home/dmarce1//local/fftw2/lib/../lib -L/home/dmarce1//local/hdf5/lib/../lib -L/home/dmarce1//local/relwithdebinfo/hpx/lib/../lib -L/home/dmarce1//local/silo/lib/../lib -L/home/dmarce1//local/boost/lib/../lib -L/home/dmarce1//local/vc/lib/../lib -L/home/dmarce1//local/hwloc/lib/../lib -L/home/dmarce1//local/gperftools/lib/../lib -L/usr/lib/gcc/x86_64-linux-gnu/9 -L/usr/lib/gcc/x86_64-linux-gnu/9/../../../x86_64-linux-gnu -L/usr/lib/gcc/x86_64-linux-gnu/9/../../../../lib -L/lib/x86_64-linux-gnu -L/lib/../lib -L/usr/lib/x86_64-linux-gnu -L/usr/lib/../lib -L/home/dmarce1//local/silo/lib -L/home/dmarce1//local/vc/lib -L/home/dmarce1//local/hwloc/lib -L/home/dmarce1//local/gperftools/lib -L/home/dmarce1//local/jemalloc/lib -L/home/dmarce1//local/fftw2/lib -L/home/dmarce1//local/hdf5/lib -L/home/dmarce1//local/relwithdebinfo/hpx/lib -L/home/dmarce1//local/silo/lib -L/home/dmarce1//local/boost/lib -L/home/dmarce1//local/vc/lib -L/home/dmarce1//local/hwloc/lib -L/home/dmarce1//local/gperftools/lib -L. -L/usr/lib/gcc/x86_64-linux-gnu/9/../../.. CMakeFiles/cmTC_4d228.dir/CMakeCCompilerABI.c.o -lgcc --push-state --as-needed -lgcc_s --pop-state -lc -lgcc --push-state --as-needed -lgcc_s --pop-state /usr/lib/gcc/x86_64-linux-gnu/9/crtendS.o /usr/lib/gcc/x86_64-linux-gnu/9/../../../x86_64-linux-gnu/crtn.o
COLLECT_GCC_OPTIONS='-fPIC' '-L/home/dmarce1/local/boost/lib' '-v' '-o' 'cmTC_4d228' '-mtune=generic' '-march=x86-64'
make[1]: Leaving directory '/home/dmarce1/workspace/cosmictiger/cosmictiger/CMakeFiles/CMakeTmp'



Parsed C implicit include dir info from above output: rv=done
  found start of include info
  found start of implicit include info
    add: [/home/dmarce1//local/silo/include]
    add: [/home/dmarce1//local/vc/include]
    add: [/home/dmarce1//local/hwloc/include]
    add: [/home/dmarce1//local/gperftools/include]
    add: [/home/dmarce1//local/jemalloc/include]
    add: [/home/dmarce1//local/fftw2/include]
    add: [/home/dmarce1//local/hdf5/include]
    add: [/home/dmarce1//local/relwithdebinfo/hpx/include]
    add: [/home/dmarce1//local/boost/include]
    add: [.]
    add: [/usr/lib/gcc/x86_64-linux-gnu/9/include]
    add: [/usr/local/include]
    add: [/usr/include/x86_64-linux-gnu]
    add: [/usr/include]
  end of search list found
  collapse include dir [/home/dmarce1//local/silo/include] ==> [/home/dmarce1/local/silo/include]
  collapse include dir [/home/dmarce1//local/vc/include] ==> [/home/dmarce1/local/vc/include]
  collapse include dir [/home/dmarce1//local/hwloc/include] ==> [/home/dmarce1/local/hwloc/include]
  collapse include dir [/home/dmarce1//local/gperftools/include] ==> [/home/dmarce1/local/gperftools/include]
  collapse include dir [/home/dmarce1//local/jemalloc/include] ==> [/home/dmarce1/local/jemalloc/include]
  collapse include dir [/home/dmarce1//local/fftw2/include] ==> [/home/dmarce1/local/fftw2/include]
  collapse include dir [/home/dmarce1//local/hdf5/include] ==> [/home/dmarce1/local/hdf5/include]
  collapse include dir [/home/dmarce1//local/relwithdebinfo/hpx/include] ==> [/home/dmarce1/local/relwithdebinfo/hpx/include]
  collapse include dir [/home/dmarce1//local/boost/include] ==> [/home/dmarce1/local/boost/include]
  skipping relative include dir [.]
  collapse include dir [/usr/lib/gcc/x86_64-linux-gnu/9/include] ==> [/usr/lib/gcc/x86_64-linux-gnu/9/include]
  collapse include dir [/usr/local/include] ==> [/usr/local/include]
  collapse include dir [/usr/include/x86_64-linux-gnu] ==> [/usr/include/x86_64-linux-gnu]
  collapse include dir [/usr/include] ==> [/usr/include]
  implicit include dirs: [/home/dmarce1/local/silo/include;/home/dmarce1/local/vc/include;/home/dmarce1/local/hwloc/include;/home/dmarce1/local/gperftools/include;/home/dmarce1/local/jemalloc/include;/home/dmarce1/local/fftw2/include;/home/dmarce1/local/hdf5/include;/home/dmarce1/local/relwithdebinfo/hpx/include;/home/dmarce1/local/boost/include;/usr/lib/gcc/x86_64-linux-gnu/9/include;/usr/local/include;/usr/include/x86_64-linux-gnu;/usr/include]


Parsed C implicit link information from above output:
  link line regex: [^( *|.*[/\])(ld|CMAKE_LINK_STARTFILE-NOTFOUND|([^/\]+-)?ld|collect2)[^/\]*( |$)]
  ignore line: [Change Dir: /home/dmarce1/workspace/cosmictiger/cosmictiger/CMakeFiles/CMakeTmp]
  ignore line: []
  ignore line: [Run Build Command(s):/usr/bin/make cmTC_4d228/fast && /usr/bin/make -f CMakeFiles/cmTC_4d228.dir/build.make CMakeFiles/cmTC_4d228.dir/build]
  ignore line: [make[1]: Entering directory '/home/dmarce1/workspace/cosmictiger/cosmictiger/CMakeFiles/CMakeTmp']
  ignore line: [Building C object CMakeFiles/cmTC_4d228.dir/CMakeCCompilerABI.c.o]
  ignore line: [/usr/bin/gcc   -fPIC -L/home/dmarce1/local/boost/lib    -v -o CMakeFiles/cmTC_4d228.dir/CMakeCCompilerABI.c.o   -c /usr/share/cmake-3.16/Modules/CMakeCCompilerABI.c]
  ignore line: [Using built-in specs.]
  ignore line: [COLLECT_GCC=/usr/bin/gcc]
  ignore line: [OFFLOAD_TARGET_NAMES=nvptx-none:hsa]
  ignore line: [OFFLOAD_TARGET_DEFAULT=1]
  ignore line: [Target: x86_64-linux-gnu]
  ignore line: [Configured with: ../src/configure -v --with-pkgversion='Ubuntu 9.3.0-17ubuntu1~20.04' --with-bugurl=file:///usr/share/doc/gcc-9/README.Bugs --enable-languages=c ada c++ go brig d fortran objc obj-c++ gm2 --prefix=/usr --with-gcc-major-version-only --program-suffix=-9 --program-prefix=x86_64-linux-gnu- --enable-shared --enable-linker-build-id --libexecdir=/usr/lib --without-included-gettext --enable-threads=posix --libdir=/usr/lib --enable-nls --enable-clocale=gnu --enable-libstdcxx-debug --enable-libstdcxx-time=yes --with-default-libstdcxx-abi=new --enable-gnu-unique-object --disable-vtable-verify --enable-plugin --enable-default-pie --with-system-zlib --with-target-system-zlib=auto --enable-objc-gc=auto --enable-multiarch --disable-werror --with-arch-32=i686 --with-abi=m64 --with-multilib-list=m32 m64 mx32 --enable-multilib --with-tune=generic --enable-offload-targets=nvptx-none=/build/gcc-9-HskZEa/gcc-9-9.3.0/debian/tmp-nvptx/usr hsa --without-cuda-driver --enable-checking=release --build=x86_64-linux-gnu --host=x86_64-linux-gnu --target=x86_64-linux-gnu]
  ignore line: [Thread model: posix]
  ignore line: [gcc version 9.3.0 (Ubuntu 9.3.0-17ubuntu1~20.04) ]
  ignore line: [COLLECT_GCC_OPTIONS='-fPIC' '-L/home/dmarce1/local/boost/lib' '-v' '-o' 'CMakeFiles/cmTC_4d228.dir/CMakeCCompilerABI.c.o' '-c' '-mtune=generic' '-march=x86-64']
  ignore line: [ /usr/lib/gcc/x86_64-linux-gnu/9/cc1 -quiet -v -imultiarch x86_64-linux-gnu /usr/share/cmake-3.16/Modules/CMakeCCompilerABI.c -quiet -dumpbase CMakeCCompilerABI.c -mtune=generic -march=x86-64 -auxbase-strip CMakeFiles/cmTC_4d228.dir/CMakeCCompilerABI.c.o -version -fPIC -fasynchronous-unwind-tables -fstack-protector-strong -Wformat -Wformat-security -fstack-clash-protection -fcf-protection -o /tmp/cc9GBZRj.s]
  ignore line: [GNU C17 (Ubuntu 9.3.0-17ubuntu1~20.04) version 9.3.0 (x86_64-linux-gnu)]
  ignore line: [	compiled by GNU C version 9.3.0  GMP version 6.2.0  MPFR version 4.0.2  MPC version 1.1.0  isl version isl-0.22.1-GMP]
  ignore line: []
  ignore line: [GGC heuristics: --param ggc-min-expand=100 --param ggc-min-heapsize=131072]
  ignore line: [ignoring nonexistent directory "/usr/local/include/x86_64-linux-gnu"]
  ignore line: [ignoring nonexistent directory "/usr/lib/gcc/x86_64-linux-gnu/9/include-fixed"]
  ignore line: [ignoring nonexistent directory "/usr/lib/gcc/x86_64-linux-gnu/9/../../../../x86_64-linux-gnu/include"]
  ignore line: [ignoring nonexistent directory "/home/dmarce1//local/cosmictiger/hpx/include"]
  ignore line: [ignoring nonexistent directory "/home/dmarce1//local/valgrind/include"]
  ignore line: [ignoring nonexistent directory "/home/dmarce1//local/relwithdebinfo/octotiger/include"]
  ignore line: [ignoring nonexistent directory "/home/dmarce1//local/mpi/include"]
  ignore line: [ignoring duplicate directory "/home/dmarce1//local/silo/include"]
  ignore line: [ignoring duplicate directory "/home/dmarce1//local/vc/include"]
  ignore line: [ignoring duplicate directory "/home/dmarce1//local/hwloc/include"]
  ignore line: [ignoring duplicate directory "/home/dmarce1//local/gperftools/include"]
  ignore line: [#include "..." search starts here:]
  ignore line: [#include <...> search starts here:]
  ignore line: [ /home/dmarce1//local/silo/include]
  ignore line: [ /home/dmarce1//local/vc/include]
  ignore line: [ /home/dmarce1//local/hwloc/include]
  ignore line: [ /home/dmarce1//local/gperftools/include]
  ignore line: [ /home/dmarce1//local/jemalloc/include]
  ignore line: [ /home/dmarce1//local/fftw2/include]
  ignore line: [ /home/dmarce1//local/hdf5/include]
  ignore line: [ /home/dmarce1//local/relwithdebinfo/hpx/include]
  ignore line: [ /home/dmarce1//local/boost/include]
  ignore line: [ .]
  ignore line: [ /usr/lib/gcc/x86_64-linux-gnu/9/include]
  ignore line: [ /usr/local/include]
  ignore line: [ /usr/include/x86_64-linux-gnu]
  ignore line: [ /usr/include]
  ignore line: [End of search list.]
  ignore line: [GNU C17 (Ubuntu 9.3.0-17ubuntu1~20.04) version 9.3.0 (x86_64-linux-gnu)]
  ignore line: [	compiled by GNU C version 9.3.0  GMP version 6.2.0  MPFR version 4.0.2  MPC version 1.1.0  isl version isl-0.22.1-GMP]
  ignore line: []
  ignore line: [GGC heuristics: --param ggc-min-expand=100 --param ggc-min-heapsize=131072]
  ignore line: [Compiler executable checksum: bbf13931d8de1abe14040c9909cb6969]
  ignore line: [COLLECT_GCC_OPTIONS='-fPIC' '-L/home/dmarce1/local/boost/lib' '-v' '-o' 'CMakeFiles/cmTC_4d228.dir/CMakeCCompilerABI.c.o' '-c' '-mtune=generic' '-march=x86-64']
  ignore line: [ as -v --64 -o CMakeFiles/cmTC_4d228.dir/CMakeCCompilerABI.c.o /tmp/cc9GBZRj.s]
  ignore line: [GNU assembler version 2.34 (x86_64-linux-gnu) using BFD version (GNU Binutils for Ubuntu) 2.34]
  ignore line: [COMPILER_PATH=/usr/lib/gcc/x86_64-linux-gnu/9/:/usr/lib/gcc/x86_64-linux-gnu/9/:/usr/lib/gcc/x86_64-linux-gnu/:/usr/lib/gcc/x86_64-linux-gnu/9/:/usr/lib/gcc/x86_64-linux-gnu/]
  ignore line: [LIBRARY_PATH=/home/dmarce1//local/silo/lib/../lib/:/home/dmarce1//local/vc/lib/../lib/:/home/dmarce1//local/hwloc/lib/../lib/:/home/dmarce1//local/gperftools/lib/../lib/:/home/dmarce1//local/jemalloc/lib/../lib/:/home/dmarce1//local/fftw2/lib/../lib/:/home/dmarce1//local/hdf5/lib/../lib/:/home/dmarce1//local/relwithdebinfo/hpx/lib/../lib/:/home/dmarce1//local/silo/lib/../lib/:/home/dmarce1//local/boost/lib/../lib/:/home/dmarce1//local/vc/lib/../lib/:/home/dmarce1//local/hwloc/lib/../lib/:/home/dmarce1//local/gperftools/lib/../lib/:/usr/lib/gcc/x86_64-linux-gnu/9/:/usr/lib/gcc/x86_64-linux-gnu/9/../../../x86_64-linux-gnu/:/usr/lib/gcc/x86_64-linux-gnu/9/../../../../lib/:/lib/x86_64-linux-gnu/:/lib/../lib/:/usr/lib/x86_64-linux-gnu/:/usr/lib/../lib/:/home/dmarce1//local/silo/lib/:/home/dmarce1//local/vc/lib/:/home/dmarce1//local/hwloc/lib/:/home/dmarce1//local/gperftools/lib/:/home/dmarce1//local/jemalloc/lib/:/home/dmarce1//local/fftw2/lib/:/home/dmarce1//local/hdf5/lib/:/home/dmarce1//local/relwithdebinfo/hpx/lib/:/home/dmarce1//local/silo/lib/:/home/dmarce1//local/boost/lib/:/home/dmarce1//local/vc/lib/:/home/dmarce1//local/hwloc/lib/:/home/dmarce1//local/gperftools/lib/:./:/usr/lib/gcc/x86_64-linux-gnu/9/../../../:/lib/:/usr/lib/]
  ignore line: [COLLECT_GCC_OPTIONS='-fPIC' '-L/home/dmarce1/local/boost/lib' '-v' '-o' 'CMakeFiles/cmTC_4d228.dir/CMakeCCompilerABI.c.o' '-c' '-mtune=generic' '-march=x86-64']
  ignore line: [Linking C executable cmTC_4d228]
  ignore line: [/usr/bin/cmake -E cmake_link_script CMakeFiles/cmTC_4d228.dir/link.txt --verbose=1]
  ignore line: [/usr/bin/gcc -fPIC -L/home/dmarce1/local/boost/lib    -v CMakeFiles/cmTC_4d228.dir/CMakeCCompilerABI.c.o  -o cmTC_4d228 ]
  ignore line: [Using built-in specs.]
  ignore line: [COLLECT_GCC=/usr/bin/gcc]
  ignore line: [COLLECT_LTO_WRAPPER=/usr/lib/gcc/x86_64-linux-gnu/9/lto-wrapper]
  ignore line: [OFFLOAD_TARGET_NAMES=nvptx-none:hsa]
  ignore line: [OFFLOAD_TARGET_DEFAULT=1]
  ignore line: [Target: x86_64-linux-gnu]
  ignore line: [Configured with: ../src/configure -v --with-pkgversion='Ubuntu 9.3.0-17ubuntu1~20.04' --with-bugurl=file:///usr/share/doc/gcc-9/README.Bugs --enable-languages=c ada c++ go brig d fortran objc obj-c++ gm2 --prefix=/usr --with-gcc-major-version-only --program-suffix=-9 --program-prefix=x86_64-linux-gnu- --enable-shared --enable-linker-build-id --libexecdir=/usr/lib --without-included-gettext --enable-threads=posix --libdir=/usr/lib --enable-nls --enable-clocale=gnu --enable-libstdcxx-debug --enable-libstdcxx-time=yes --with-default-libstdcxx-abi=new --enable-gnu-unique-object --disable-vtable-verify --enable-plugin --enable-default-pie --with-system-zlib --with-target-system-zlib=auto --enable-objc-gc=auto --enable-multiarch --disable-werror --with-arch-32=i686 --with-abi=m64 --with-multilib-list=m32 m64 mx32 --enable-multilib --with-tune=generic --enable-offload-targets=nvptx-none=/build/gcc-9-HskZEa/gcc-9-9.3.0/debian/tmp-nvptx/usr hsa --without-cuda-driver --enable-checking=release --build=x86_64-linux-gnu --host=x86_64-linux-gnu --target=x86_64-linux-gnu]
  ignore line: [Thread model: posix]
  ignore line: [gcc version 9.3.0 (Ubuntu 9.3.0-17ubuntu1~20.04) ]
  ignore line: [COMPILER_PATH=/usr/lib/gcc/x86_64-linux-gnu/9/:/usr/lib/gcc/x86_64-linux-gnu/9/:/usr/lib/gcc/x86_64-linux-gnu/:/usr/lib/gcc/x86_64-linux-gnu/9/:/usr/lib/gcc/x86_64-linux-gnu/]
  ignore line: [LIBRARY_PATH=/home/dmarce1//local/silo/lib/../lib/:/home/dmarce1//local/vc/lib/../lib/:/home/dmarce1//local/hwloc/lib/../lib/:/home/dmarce1//local/gperftools/lib/../lib/:/home/dmarce1//local/jemalloc/lib/../lib/:/home/dmarce1//local/fftw2/lib/../lib/:/home/dmarce1//local/hdf5/lib/../lib/:/home/dmarce1//local/relwithdebinfo/hpx/lib/../lib/:/home/dmarce1//local/silo/lib/../lib/:/home/dmarce1//local/boost/lib/../lib/:/home/dmarce1//local/vc/lib/../lib/:/home/dmarce1//local/hwloc/lib/../lib/:/home/dmarce1//local/gperftools/lib/../lib/:/usr/lib/gcc/x86_64-linux-gnu/9/:/usr/lib/gcc/x86_64-linux-gnu/9/../../../x86_64-linux-gnu/:/usr/lib/gcc/x86_64-linux-gnu/9/../../../../lib/:/lib/x86_64-linux-gnu/:/lib/../lib/:/usr/lib/x86_64-linux-gnu/:/usr/lib/../lib/:/home/dmarce1//local/silo/lib/:/home/dmarce1//local/vc/lib/:/home/dmarce1//local/hwloc/lib/:/home/dmarce1//local/gperftools/lib/:/home/dmarce1//local/jemalloc/lib/:/home/dmarce1//local/fftw2/lib/:/home/dmarce1//local/hdf5/lib/:/home/dmarce1//local/relwithdebinfo/hpx/lib/:/home/dmarce1//local/silo/lib/:/home/dmarce1//local/boost/lib/:/home/dmarce1//local/vc/lib/:/home/dmarce1//local/hwloc/lib/:/home/dmarce1//local/gperftools/lib/:./:/usr/lib/gcc/x86_64-linux-gnu/9/../../../:/lib/:/usr/lib/]
  ignore line: [COLLECT_GCC_OPTIONS='-fPIC' '-L/home/dmarce1/local/boost/lib' '-v' '-o' 'cmTC_4d228' '-mtune=generic' '-march=x86-64']
  link line: [ /usr/lib/gcc/x86_64-linux-gnu/9/collect2 -plugin /usr/lib/gcc/x86_64-linux-gnu/9/liblto_plugin.so -plugin-opt=/usr/lib/gcc/x86_64-linux-gnu/9/lto-wrapper -plugin-opt=-fresolution=/tmp/ccuXTDKI.res -plugin-opt=-pass-through=-lgcc -plugin-opt=-pass-through=-lgcc_s -plugin-opt=-pass-through=-lc -plugin-opt=-pass-through=-lgcc -plugin-opt=-pass-through=-lgcc_s --build-id --eh-frame-hdr -m elf_x86_64 --hash-style=gnu --as-needed -dynamic-linker /lib64/ld-linux-x86-64.so.2 -pie -z now -z relro -o cmTC_4d228 /usr/lib/gcc/x86_64-linux-gnu/9/../../../x86_64-linux-gnu/Scrt1.o /usr/lib/gcc/x86_64-linux-gnu/9/../../../x86_64-linux-gnu/crti.o /usr/lib/gcc/x86_64-linux-gnu/9/crtbeginS.o -L/home/dmarce1/local/boost/lib -L/home/dmarce1//local/silo/lib/../lib -L/home/dmarce1//local/vc/lib/../lib -L/home/dmarce1//local/hwloc/lib/../lib -L/home/dmarce1//local/gperftools/lib/../lib -L/home/dmarce1//local/jemalloc/lib/../lib -L/home/dmarce1//local/fftw2/lib/../lib -L/home/dmarce1//local/hdf5/lib/../lib -L/home/dmarce1//local/relwithdebinfo/hpx/lib/../lib -L/home/dmarce1//local/silo/lib/../lib -L/home/dmarce1//local/boost/lib/../lib -L/home/dmarce1//local/vc/lib/../lib -L/home/dmarce1//local/hwloc/lib/../lib -L/home/dmarce1//local/gperftools/lib/../lib -L/usr/lib/gcc/x86_64-linux-gnu/9 -L/usr/lib/gcc/x86_64-linux-gnu/9/../../../x86_64-linux-gnu -L/usr/lib/gcc/x86_64-linux-gnu/9/../../../../lib -L/lib/x86_64-linux-gnu -L/lib/../lib -L/usr/lib/x86_64-linux-gnu -L/usr/lib/../lib -L/home/dmarce1//local/silo/lib -L/home/dmarce1//local/vc/lib -L/home/dmarce1//local/hwloc/lib -L/home/dmarce1//local/gperftools/lib -L/home/dmarce1//local/jemalloc/lib -L/home/dmarce1//local/fftw2/lib -L/home/dmarce1//local/hdf5/lib -L/home/dmarce1//local/relwithdebinfo/hpx/lib -L/home/dmarce1//local/silo/lib -L/home/dmarce1//local/boost/lib -L/home/dmarce1//local/vc/lib -L/home/dmarce1//local/hwloc/lib -L/home/dmarce1//local/gperftools/lib -L. -L/usr/lib/gcc/x86_64-linux-gnu/9/../../.. CMakeFiles/cmTC_4d228.dir/CMakeCCompilerABI.c.o -lgcc --push-state --as-needed -lgcc_s --pop-state -lc -lgcc --push-state --as-needed -lgcc_s --pop-state /usr/lib/gcc/x86_64-linux-gnu/9/crtendS.o /usr/lib/gcc/x86_64-linux-gnu/9/../../../x86_64-linux-gnu/crtn.o]
    arg [/usr/lib/gcc/x86_64-linux-gnu/9/collect2] ==> ignore
    arg [-plugin] ==> ignore
    arg [/usr/lib/gcc/x86_64-linux-gnu/9/liblto_plugin.so] ==> ignore
    arg [-plugin-opt=/usr/lib/gcc/x86_64-linux-gnu/9/lto-wrapper] ==> ignore
    arg [-plugin-opt=-fresolution=/tmp/ccuXTDKI.res] ==> ignore
    arg [-plugin-opt=-pass-through=-lgcc] ==> ignore
    arg [-plugin-opt=-pass-through=-lgcc_s] ==> ignore
    arg [-plugin-opt=-pass-through=-lc] ==> ignore
    arg [-plugin-opt=-pass-through=-lgcc] ==> ignore
    arg [-plugin-opt=-pass-through=-lgcc_s] ==> ignore
    arg [--build-id] ==> ignore
    arg [--eh-frame-hdr] ==> ignore
    arg [-m] ==> ignore
    arg [elf_x86_64] ==> ignore
    arg [--hash-style=gnu] ==> ignore
    arg [--as-needed] ==> ignore
    arg [-dynamic-linker] ==> ignore
    arg [/lib64/ld-linux-x86-64.so.2] ==> ignore
    arg [-pie] ==> ignore
    arg [-znow] ==> ignore
    arg [-zrelro] ==> ignore
    arg [-o] ==> ignore
    arg [cmTC_4d228] ==> ignore
    arg [/usr/lib/gcc/x86_64-linux-gnu/9/../../../x86_64-linux-gnu/Scrt1.o] ==> ignore
    arg [/usr/lib/gcc/x86_64-linux-gnu/9/../../../x86_64-linux-gnu/crti.o] ==> ignore
    arg [/usr/lib/gcc/x86_64-linux-gnu/9/crtbeginS.o] ==> ignore
    arg [-L/home/dmarce1/local/boost/lib] ==> dir [/home/dmarce1/local/boost/lib]
    arg [-L/home/dmarce1//local/silo/lib/../lib] ==> dir [/home/dmarce1//local/silo/lib/../lib]
    arg [-L/home/dmarce1//local/vc/lib/../lib] ==> dir [/home/dmarce1//local/vc/lib/../lib]
    arg [-L/home/dmarce1//local/hwloc/lib/../lib] ==> dir [/home/dmarce1//local/hwloc/lib/../lib]
    arg [-L/home/dmarce1//local/gperftools/lib/../lib] ==> dir [/home/dmarce1//local/gperftools/lib/../lib]
    arg [-L/home/dmarce1//local/jemalloc/lib/../lib] ==> dir [/home/dmarce1//local/jemalloc/lib/../lib]
    arg [-L/home/dmarce1//local/fftw2/lib/../lib] ==> dir [/home/dmarce1//local/fftw2/lib/../lib]
    arg [-L/home/dmarce1//local/hdf5/lib/../lib] ==> dir [/home/dmarce1//local/hdf5/lib/../lib]
    arg [-L/home/dmarce1//local/relwithdebinfo/hpx/lib/../lib] ==> dir [/home/dmarce1//local/relwithdebinfo/hpx/lib/../lib]
    arg [-L/home/dmarce1//local/silo/lib/../lib] ==> dir [/home/dmarce1//local/silo/lib/../lib]
    arg [-L/home/dmarce1//local/boost/lib/../lib] ==> dir [/home/dmarce1//local/boost/lib/../lib]
    arg [-L/home/dmarce1//local/vc/lib/../lib] ==> dir [/home/dmarce1//local/vc/lib/../lib]
    arg [-L/home/dmarce1//local/hwloc/lib/../lib] ==> dir [/home/dmarce1//local/hwloc/lib/../lib]
    arg [-L/home/dmarce1//local/gperftools/lib/../lib] ==> dir [/home/dmarce1//local/gperftools/lib/../lib]
    arg [-L/usr/lib/gcc/x86_64-linux-gnu/9] ==> dir [/usr/lib/gcc/x86_64-linux-gnu/9]
    arg [-L/usr/lib/gcc/x86_64-linux-gnu/9/../../../x86_64-linux-gnu] ==> dir [/usr/lib/gcc/x86_64-linux-gnu/9/../../../x86_64-linux-gnu]
    arg [-L/usr/lib/gcc/x86_64-linux-gnu/9/../../../../lib] ==> dir [/usr/lib/gcc/x86_64-linux-gnu/9/../../../../lib]
    arg [-L/lib/x86_64-linux-gnu] ==> dir [/lib/x86_64-linux-gnu]
    arg [-L/lib/../lib] ==> dir [/lib/../lib]
    arg [-L/usr/lib/x86_64-linux-gnu] ==> dir [/usr/lib/x86_64-linux-gnu]
    arg [-L/usr/lib/../lib] ==> dir [/usr/lib/../lib]
    arg [-L/home/dmarce1//local/silo/lib] ==> dir [/home/dmarce1//local/silo/lib]
    arg [-L/home/dmarce1//local/vc/lib] ==> dir [/home/dmarce1//local/vc/lib]
    arg [-L/home/dmarce1//local/hwloc/lib] ==> dir [/home/dmarce1//local/hwloc/lib]
    arg [-L/home/dmarce1//local/gperftools/lib] ==> dir [/home/dmarce1//local/gperftools/lib]
    arg [-L/home/dmarce1//local/jemalloc/lib] ==> dir [/home/dmarce1//local/jemalloc/lib]
    arg [-L/home/dmarce1//local/fftw2/lib] ==> dir [/home/dmarce1//local/fftw2/lib]
    arg [-L/home/dmarce1//local/hdf5/lib] ==> dir [/home/dmarce1//local/hdf5/lib]
    arg [-L/home/dmarce1//local/relwithdebinfo/hpx/lib] ==> dir [/home/dmarce1//local/relwithdebinfo/hpx/lib]
    arg [-L/home/dmarce1//local/silo/lib] ==> dir [/home/dmarce1//local/silo/lib]
    arg [-L/home/dmarce1//local/boost/lib] ==> dir [/home/dmarce1//local/boost/lib]
    arg [-L/home/dmarce1//local/vc/lib] ==> dir [/home/dmarce1//local/vc/lib]
    arg [-L/home/dmarce1//local/hwloc/lib] ==> dir [/home/dmarce1//local/hwloc/lib]
    arg [-L/home/dmarce1//local/gperftools/lib] ==> dir [/home/dmarce1//local/gperftools/lib]
    arg [-L.] ==> ignore
    arg [-L/usr/lib/gcc/x86_64-linux-gnu/9/../../..] ==> dir [/usr/lib/gcc/x86_64-linux-gnu/9/../../..]
    arg [CMakeFiles/cmTC_4d228.dir/CMakeCCompilerABI.c.o] ==> ignore
    arg [-lgcc] ==> lib [gcc]
    arg [--push-state] ==> ignore
    arg [--as-needed] ==> ignore
    arg [-lgcc_s] ==> lib [gcc_s]
    arg [--pop-state] ==> ignore
    arg [-lc] ==> lib [c]
    arg [-lgcc] ==> lib [gcc]
    arg [--push-state] ==> ignore
    arg [--as-needed] ==> ignore
    arg [-lgcc_s] ==> lib [gcc_s]
    arg [--pop-state] ==> ignore
    arg [/usr/lib/gcc/x86_64-linux-gnu/9/crtendS.o] ==> ignore
    arg [/usr/lib/gcc/x86_64-linux-gnu/9/../../../x86_64-linux-gnu/crtn.o] ==> ignore
  collapse library dir [/home/dmarce1/local/boost/lib] ==> [/home/dmarce1/local/boost/lib]
  collapse library dir [/home/dmarce1//local/silo/lib/../lib] ==> [/home/dmarce1/local/silo/lib]
  collapse library dir [/home/dmarce1//local/vc/lib/../lib] ==> [/home/dmarce1/local/vc/lib]
  collapse library dir [/home/dmarce1//local/hwloc/lib/../lib] ==> [/home/dmarce1/local/hwloc/lib]
  collapse library dir [/home/dmarce1//local/gperftools/lib/../lib] ==> [/home/dmarce1/local/gperftools/lib]
  collapse library dir [/home/dmarce1//local/jemalloc/lib/../lib] ==> [/home/dmarce1/local/jemalloc/lib]
  collapse library dir [/home/dmarce1//local/fftw2/lib/../lib] ==> [/home/dmarce1/local/fftw2/lib]
  collapse library dir [/home/dmarce1//local/hdf5/lib/../lib] ==> [/home/dmarce1/local/hdf5/lib]
  collapse library dir [/home/dmarce1//local/relwithdebinfo/hpx/lib/../lib] ==> [/home/dmarce1/local/relwithdebinfo/hpx/lib]
  collapse library dir [/home/dmarce1//local/silo/lib/../lib] ==> [/home/dmarce1/local/silo/lib]
  collapse library dir [/home/dmarce1//local/boost/lib/../lib] ==> [/home/dmarce1/local/boost/lib]
  collapse library dir [/home/dmarce1//local/vc/lib/../lib] ==> [/home/dmarce1/local/vc/lib]
  collapse library dir [/home/dmarce1//local/hwloc/lib/../lib] ==> [/home/dmarce1/local/hwloc/lib]
  collapse library dir [/home/dmarce1//local/gperftools/lib/../lib] ==> [/home/dmarce1/local/gperftools/lib]
  collapse library dir [/usr/lib/gcc/x86_64-linux-gnu/9] ==> [/usr/lib/gcc/x86_64-linux-gnu/9]
  collapse library dir [/usr/lib/gcc/x86_64-linux-gnu/9/../../../x86_64-linux-gnu] ==> [/usr/lib/x86_64-linux-gnu]
  collapse library dir [/usr/lib/gcc/x86_64-linux-gnu/9/../../../../lib] ==> [/usr/lib]
  collapse library dir [/lib/x86_64-linux-gnu] ==> [/lib/x86_64-linux-gnu]
  collapse library dir [/lib/../lib] ==> [/lib]
  collapse library dir [/usr/lib/x86_64-linux-gnu] ==> [/usr/lib/x86_64-linux-gnu]
  collapse library dir [/usr/lib/../lib] ==> [/usr/lib]
  collapse library dir [/home/dmarce1//local/silo/lib] ==> [/home/dmarce1/local/silo/lib]
  collapse library dir [/home/dmarce1//local/vc/lib] ==> [/home/dmarce1/local/vc/lib]
  collapse library dir [/home/dmarce1//local/hwloc/lib] ==> [/home/dmarce1/local/hwloc/lib]
  collapse library dir [/home/dmarce1//local/gperftools/lib] ==> [/home/dmarce1/local/gperftools/lib]
  collapse library dir [/home/dmarce1//local/jemalloc/lib] ==> [/home/dmarce1/local/jemalloc/lib]
  collapse library dir [/home/dmarce1//local/fftw2/lib] ==> [/home/dmarce1/local/fftw2/lib]
  collapse library dir [/home/dmarce1//local/hdf5/lib] ==> [/home/dmarce1/local/hdf5/lib]
  collapse library dir [/home/dmarce1//local/relwithdebinfo/hpx/lib] ==> [/home/dmarce1/local/relwithdebinfo/hpx/lib]
  collapse library dir [/home/dmarce1//local/silo/lib] ==> [/home/dmarce1/local/silo/lib]
  collapse library dir [/home/dmarce1//local/boost/lib] ==> [/home/dmarce1/local/boost/lib]
  collapse library dir [/home/dmarce1//local/vc/lib] ==> [/home/dmarce1/local/vc/lib]
  collapse library dir [/home/dmarce1//local/hwloc/lib] ==> [/home/dmarce1/local/hwloc/lib]
  collapse library dir [/home/dmarce1//local/gperftools/lib] ==> [/home/dmarce1/local/gperftools/lib]
  collapse library dir [/usr/lib/gcc/x86_64-linux-gnu/9/../../..] ==> [/usr/lib]
  implicit libs: [gcc;gcc_s;c;gcc;gcc_s]
  implicit dirs: [/home/dmarce1/local/boost/lib;/home/dmarce1/local/silo/lib;/home/dmarce1/local/vc/lib;/home/dmarce1/local/hwloc/lib;/home/dmarce1/local/gperftools/lib;/home/dmarce1/local/jemalloc/lib;/home/dmarce1/local/fftw2/lib;/home/dmarce1/local/hdf5/lib;/home/dmarce1/local/relwithdebinfo/hpx/lib;/usr/lib/gcc/x86_64-linux-gnu/9;/usr/lib/x86_64-linux-gnu;/usr/lib;/lib/x86_64-linux-gnu;/lib]
  implicit fwks: []


